#
# A fatal error has been detected by the Java Runtime Environment:
#
#  Internal Error (jvmciRuntime.cpp:1609), pid=65, tid=91
#  fatal error: Fatal exception in JVMCI: Error calling jdk.vm.ci.services.Services.serializeSavedProperties
#
# JRE version: OpenJDK Runtime Environment GraalVM CE 22.3.0 (17.0.5+8) (build 17.0.5+8-jvmci-22.3-b08)
# Java VM: OpenJDK 64-Bit Server VM GraalVM CE 22.3.0 (17.0.5+8-jvmci-22.3-b08, mixed mode, sharing, tiered, jvmci, jvmci compiler, compressed oops, compressed class ptrs, parallel gc, linux-amd64)
# Problematic frame:
# V  [libjvm.so+0x972714]  JVMCIRuntime::fatal_exception(JVMCIEnv*, char const*)+0x74
#
# Core dump will be written. Default location: Core dumps may be processed with "/usr/share/apport/apport -p%p -s%s -c%c -d%d -P%P -u%u -g%g -- %E" (or dumping to /home/runner/test-Java/core.65)
#
# If you would like to submit a bug report, please visit:
#   https://github.com/oracle/graal/issues
#

---------------  S U M M A R Y ------------

Command Line: -XX:ThreadPriorityPolicy=1 -XX:+UnlockExperimentalVMOptions -XX:+EnableJVMCIProduct -XX:JVMCIThreadsPerNativeLibraryRuntime=1 -XX:-UnlockExperimentalVMOptions -Declipse.application=org.eclipse.jdt.ls.core.id1 -Dosgi.bundles.defaultStartLevel=4 -Declipse.product=org.eclipse.jdt.ls.core.product -Dlog.level=ALL -Xverify:none -XX:+UseParallelGC -XX:GCTimeRatio=4 -XX:AdaptiveSizePolicyWeight=90 -Dsun.zip.disableMemoryMapping=true -Xmx512m -Xms100m /nix/store/q9712qvwdh22a4krw4jz2sjrz07mvjbl-jdt-language-server-1.9.0/share/java/plugins/org.eclipse.equinox.launcher_1.6.400.v20210924-0641.jar --add-modules=ALL-SYSTEM --add-opens java.base/java.util=ALL-UNNAMED --add-opens java.base/java.lang=ALL-UNNAMED -configuration /home/runner/test-Java/.cache/jdt-language-server/config -data /home/runner/.cache/jdt-language-server/data/home/runner/test-Java

Host: Intel(R) Xeon(R) CPU @ 2.20GHz, 8 cores, 3G, Ubuntu 20.04.2 LTS
Time: Sun Feb 25 11:35:08 2024 UTC elapsed time: 991.680169 seconds (0d 0h 16m 31s)

---------------  T H R E A D  ---------------

Current thread (0x00007f10500d2a80):  JavaThread "JVMCI-native CompilerThread0" daemon [_thread_in_vm, id=91, stack(0x00007f1034b1a000,0x00007f1034d1a000)]


Current CompileTask:
JVMCI-native: 991680 8704       4       java.util.HashMap::keysToArray (81 bytes)

Stack: [0x00007f1034b1a000,0x00007f1034d1a000],  sp=0x00007f1034d18380,  free space=2040k
Native frames: (J=compiled Java code, j=interpreted, Vv=VM code, C=native code)
V  [libjvm.so+0x972714]  JVMCIRuntime::fatal_exception(JVMCIEnv*, char const*)+0x74
V  [libjvm.so+0x93e2fe]  JVMCIEnv::copy_saved_properties()+0x14e
V  [libjvm.so+0x9732a9]  JVMCIRuntime::initialize(JVMCIEnv*)+0xb19
V  [libjvm.so+0x9738a2]  JVMCIRuntime::get_HotSpotJVMCIRuntime(JVMCIEnv*)+0x12
V  [libjvm.so+0x9749f2]  JVMCIRuntime::compile_method(JVMCIEnv*, JVMCICompiler*, methodHandle const&, int)+0xd2
V  [libjvm.so+0x5b0d20]  CompileBroker::invoke_compiler_on_method(CompileTask*)+0x1470
V  [libjvm.so+0x5b12e8]  CompileBroker::compiler_thread_loop()+0x528
V  [libjvm.so+0xd82460]  JavaThread::thread_main_inner()+0xd0
V  [libjvm.so+0xd85a40]  Thread::call_run()+0xc0
V  [libjvm.so+0xbdb1e1]  thread_native_entry(Thread*)+0xe1

Register to memory mapping:

RAX=0x00007f1054b83000 points into unknown readable memory: 0x0000000000000058 | 58 00 00 00 00 00 00 00
RBX=0x00007f1055c7e398: <offset 0x0000000000ef5398> in /nix/store/gpxl5qgg8kicmcvivwmybwjlpf7wh20l-graalvm17-ce-22.3.0/lib/server/libjvm.so at 0x00007f1054d89000
RCX=0x00007f1055c361e8: <offset 0x0000000000ead1e8> in /nix/store/gpxl5qgg8kicmcvivwmybwjlpf7wh20l-graalvm17-ce-22.3.0/lib/server/libjvm.so at 0x00007f1054d89000
RDX=0x0000000000000649 is an unknown value
RSP=0x00007f1034d18380 is pointing into the stack for thread: 0x00007f10500d2a80
RBP=0x00007f1034d183a0 is pointing into the stack for thread: 0x00007f10500d2a80
RSI=0x00007f1055c7ec48: <offset 0x0000000000ef5c48> in /nix/store/gpxl5qgg8kicmcvivwmybwjlpf7wh20l-graalvm17-ce-22.3.0/lib/server/libjvm.so at 0x00007f1054d89000
RDI=0x00000000e0000000 is an oop: java.lang.String 
{0x00000000e0000000} - klass: 'java/lang/String'
 - string: "metadata"
R8 =0x00007f1055c7e398: <offset 0x0000000000ef5398> in /nix/store/gpxl5qgg8kicmcvivwmybwjlpf7wh20l-graalvm17-ce-22.3.0/lib/server/libjvm.so at 0x00007f1054d89000
R9 =0x00007f1034d18330 is pointing into the stack for thread: 0x00007f10500d2a80
R10=0x00007f1034d19948 is pointing into the stack for thread: 0x00007f10500d2a80
R11=0x0000000000000293 is an unknown value
R12=0x0 is NULL
R13=0x00007f10500d2a80 is a thread
R14=0x00007f1050000b80 points into unknown readable memory: 0x00007f1055eafa38 | 38 fa ea 55 10 7f 00 00
R15=0x00007f1055fbde40: <offset 0x0000000001234e40> in /nix/store/gpxl5qgg8kicmcvivwmybwjlpf7wh20l-graalvm17-ce-22.3.0/lib/server/libjvm.so at 0x00007f1054d89000


Registers:
RAX=0x00007f1054b83000, RBX=0x00007f1055c7e398, RCX=0x00007f1055c361e8, RDX=0x0000000000000649
RSP=0x00007f1034d18380, RBP=0x00007f1034d183a0, RSI=0x00007f1055c7ec48, RDI=0x00000000e0000000
R8 =0x00007f1055c7e398, R9 =0x00007f1034d18330, R10=0x00007f1034d19948, R11=0x0000000000000293
R12=0x0000000000000000, R13=0x00007f10500d2a80, R14=0x00007f1050000b80, R15=0x00007f1055fbde40
RIP=0x00007f10556fb714, EFLAGS=0x0000000000010206, CSGSFS=0x002b000000000033, ERR=0x0000000000000006
  TRAPNO=0x000000000000000e

Top of Stack: (sp=0x00007f1034d18380)
0x00007f1034d18380:   00007f1034d18940 00007f10500d2a80
0x00007f1034d18390:   00007f10545148c8 0000000800c417a0
0x00007f1034d183a0:   00007f1034d18500 00007f10556c72fe
0x00007f1034d183b0:   00007f1034d183e0 00007f1034d18440 

Instructions: (pc=0x00007f10556fb714)
0x00007f10556fb614:   30 e8 f6 cf e8 ff 4c 89 e7 e8 2e 48 d1 ff 84 db
0x00007f10556fb624:   75 2a 4d 85 ed 74 04 4d 8b 6d 00 48 83 c4 08 44
0x00007f10556fb634:   89 f9 4c 89 f2 4c 89 ee 5b 4c 89 e7 41 5c 41 5d
0x00007f10556fb644:   41 5e 41 5f 5d e9 e2 47 d1 ff 66 90 48 83 c4 08
0x00007f10556fb654:   5b 41 5c 41 5d 41 5e 41 5f 5d c3 90 31 d2 be 08
0x00007f10556fb664:   00 00 00 4c 89 ff e8 b1 78 a3 ff 49 89 c5 e9 37
0x00007f10556fb674:   ff ff ff 66 0f 1f 84 00 00 00 00 00 48 8b 7a 08
0x00007f10556fb684:   e9 6d ff ff ff 0f 1f 80 00 00 00 00 e8 5b 48 0a
0x00007f10556fb694:   00 84 c0 75 89 e9 6a ff ff ff 66 90 55 48 89 e5
0x00007f10556fb6a4:   41 56 41 55 41 54 49 89 fc 53 48 89 f3 66 48 8d
0x00007f10556fb6b4:   3d 27 5e 85 00 66 66 48 e8 df 43 8d ff 4c 8b 28
0x00007f10556fb6c4:   8b 05 be 72 8a 00 85 c0 75 14 ba 01 00 00 00 48
0x00007f10556fb6d4:   8d 0d ae 72 8a 00 f0 0f b1 11 85 c0 74 4e be c8
0x00007f10556fb6e4:   00 00 00 4c 89 ef e8 01 0b 41 00 48 8d 05 12 ac
0x00007f10556fb6f4:   85 00 49 89 d8 48 8d 0d e8 aa 53 00 ba 49 06 00
0x00007f10556fb704:   00 48 8d 35 3c 35 58 00 bf 00 00 00 e0 48 8b 00
0x00007f10556fb714:   c6 00 58 31 c0 e8 e2 91 c6 ff 5b 41 5c 41 5d 41
0x00007f10556fb724:   5e 5d e9 55 34 26 00 0f 1f 44 00 00 48 8d 05 81
0x00007f10556fb734:   a3 8b 00 48 89 df 4c 8b 30 e8 9e 43 8d ff 48 89
0x00007f10556fb744:   de 48 89 c2 49 8b 06 4c 89 f7 ff 50 08 4c 89 f7
0x00007f10556fb754:   e8 a7 5c 27 00 4d 85 e4 74 12 be 01 00 00 00 4c
0x00007f10556fb764:   89 e7 e8 35 43 fc ff eb 82 0f 1f 00 be 01 00 00
0x00007f10556fb774:   00 4c 89 ef e8 d3 fd ff ff e9 6d ff ff ff 66 66
0x00007f10556fb784:   2e 0f 1f 84 00 00 00 00 00 0f 1f 00 55 48 89 e5
0x00007f10556fb794:   41 57 41 56 41 55 41 54 53 48 81 ec 08 02 00 00
0x00007f10556fb7a4:   64 48 8b 04 25 28 00 00 00 48 89 45 c8 8b 07 83
0x00007f10556fb7b4:   f8 02 0f 84 11 04 00 00 4c 8b 6f 18 49 89 ff 49
0x00007f10556fb7c4:   89 f4 4d 85 ed 74 14 4c 89 ef e8 5d 57 22 00 41
0x00007f10556fb7d4:   8b 07 83 f8 02 0f 84 19 04 00 00 48 8d 1d 9a 06
0x00007f10556fb7e4:   8a 00 4c 8d 35 0b 3c 58 00 eb 38 90 48 85 d2 7f
0x00007f10556fb7f4:   0d 48 8d 05 b4 c0 85 00 48 83 38 00 7e 0e 41 8b
0x00007f10556fb804:   77 2c 4c 89 f7 31 c0 e8 a0 b2 f7 ff 49 8b 7f 18 


Stack slot to memory mapping:
stack at sp + 0 slots: 0x00007f1034d18940 is pointing into the stack for thread: 0x00007f10500d2a80
stack at sp + 1 slots: 0x00007f10500d2a80 is a thread
stack at sp + 2 slots: 0x00007f10545148c8 points into unknown readable memory: 0x6573001880c9ffff | ff ff c9 80 18 00 73 65
stack at sp + 3 slots: 0x0000000800c417a0 is a pointer to class: 
jdk.vm.ci.services.Services {0x0000000800c417a0}
 - instance size:     2
 - klass size:        65
 - access:            public final synchronized 
 - state:             fully_initialized
 - name:              'jdk/vm/ci/services/Services'
 - super:             'java/lang/Object'
 - sub:               
 - arrays:            NULL
 - methods:           Array<T>(0x00007f1035441d28)
 - method ordering:   Array<T>(0x0000000800928960)
 - default_methods:   Array<T>(0x0000000000000000)
 - local interfaces:  Array<T>(0x00000008005ce810)
 - trans. interfaces: Array<T>(0x00000008005ce810)
 - constants:         constant pool [427] {0x00007f1035440e08} for 'jdk/vm/ci/services/Services' cache=0x00007f1035442ff8
 - class loader data:  loader data: 0x00007f1050027b70 of 'bootstrap'
 - source file:       'Services.java'
 - class annotations:       Array<T>(0x0000000000000000)
 - class type annotations:  Array<T>(0x0000000000000000)
 - field annotations:       Array<T>(0x0000000000000000)
 - field type annotations:  Array<T>(0x0000000000000000)
 - inner classes:     Array<T>(0x00007f1035442fc8)
 - nest members:     Array<T>(0x00007f1035442fe8)
 - permitted subclasses:     Array<T>(0x00000008005ce7a0)
 - java mirror:       a 'java/lang/Class'{0x00000000e03c3018} = 'jdk/vm/ci/services/Services'
 - vtable length      5  (start addr: 0x0000000800c41970)
 - itable length      2 (start addr: 0x0000000800c41998)
 - ---- static fields (3 words):
 - public static final 'IS_BUILDING_NATIVE_IMAGE' 'Z' @128 
 - public static final 'IS_IN_NATIVE_IMAGE' 'Z' @129 
 - private static volatile 'savedProperties' 'Ljava/util/Map;' @112 
 - static final 'JVMCI_ENABLED' 'Z' @130 
 - private static final 'servicesCache' 'Ljava/util/Map;' @116 
 - private static final 'MAX_UNICODE_IN_UTF8_LENGTH' 'I' @120 
 - private static final 'MAX_UTF8_PROPERTY_STRING_LENGTH' 'I' @124 
 - ---- non-static fields (0 words):
 - non-static oop maps: 
stack at sp + 4 slots: 0x00007f1034d18500 is pointing into the stack for thread: 0x00007f10500d2a80
stack at sp + 5 slots: 0x00007f10556c72fe: <offset 0x000000000093e2fe> in /nix/store/gpxl5qgg8kicmcvivwmybwjlpf7wh20l-graalvm17-ce-22.3.0/lib/server/libjvm.so at 0x00007f1054d89000
stack at sp + 6 slots: 0x00007f1034d183e0 is pointing into the stack for thread: 0x00007f10500d2a80
stack at sp + 7 slots: 0x00007f1034d18440 is pointing into the stack for thread: 0x00007f10500d2a80


---------------  P R O C E S S  ---------------

Threads class SMR info:
_java_thread_list=0x00007f0f9c0032d0, length=30, elements={
0x00007f1050025e10, 0x00007f10500c6d80, 0x00007f10500c81c0, 0x00007f10500ce8f0,
0x00007f10500cfca0, 0x00007f10500d1090, 0x00007f10500d2a80, 0x00007f10500d3f90,
0x00007f10500d53e0, 0x00007f10500f8400, 0x00007f10501407a0, 0x00007f10502f6300,
0x00007f105033df80, 0x00007f1050341370, 0x00007f0fe402be40, 0x00007f0fe43fd3e0,
0x00007f0fe45e3b20, 0x00007f0fe47ab5b0, 0x00007f1050385990, 0x00007f105041ad20,
0x00007f0fc0000ff0, 0x00007f0fb845a540, 0x00007f0fd804e550, 0x00007f0fbc22e2a0,
0x00007f0fbc1d89e0, 0x00007f0fbc084770, 0x00007f0f8401b2b0, 0x00007f0fbc084cf0,
0x00007f0fd80010d0, 0x00007f0ff40018f0
}

Java Threads: ( => current thread )
  0x00007f1050025e10 JavaThread "main" [_thread_blocked, id=82, stack(0x00007f1054ba4000,0x00007f1054ca4000)]
  0x00007f10500c6d80 JavaThread "Reference Handler" daemon [_thread_blocked, id=86, stack(0x00007f1035cdc000,0x00007f1035ddc000)]
  0x00007f10500c81c0 JavaThread "Finalizer" daemon [_thread_blocked, id=87, stack(0x00007f1035300000,0x00007f1035400000)]
  0x00007f10500ce8f0 JavaThread "Signal Dispatcher" daemon [_thread_blocked, id=88, stack(0x00007f1034f1a000,0x00007f103501a000)]
  0x00007f10500cfca0 JavaThread "Service Thread" daemon [_thread_blocked, id=89, stack(0x00007f1034e1a000,0x00007f1034f1a000)]
  0x00007f10500d1090 JavaThread "Monitor Deflation Thread" daemon [_thread_blocked, id=90, stack(0x00007f1034d1a000,0x00007f1034e1a000)]
=>0x00007f10500d2a80 JavaThread "JVMCI-native CompilerThread0" daemon [_thread_in_vm, id=91, stack(0x00007f1034b1a000,0x00007f1034d1a000)]
  0x00007f10500d3f90 JavaThread "C1 CompilerThread0" daemon [_thread_blocked, id=92, stack(0x00007f103491a000,0x00007f1034b1a000)]
  0x00007f10500d53e0 JavaThread "Sweeper thread" daemon [_thread_blocked, id=93, stack(0x00007f103481a000,0x00007f103491a000)]
  0x00007f10500f8400 JavaThread "Common-Cleaner" daemon [_thread_blocked, id=94, stack(0x00007f103471a000,0x00007f103481a000)]
  0x00007f10501407a0 JavaThread "Notification Thread" daemon [_thread_blocked, id=95, stack(0x00007f103461a000,0x00007f103471a000)]
  0x00007f10502f6300 JavaThread "Active Thread: Equinox Container: 9870c374-9293-4ea3-b45b-ea0577a69949" [_thread_blocked, id=117, stack(0x00007f1034300000,0x00007f1034400000)]
  0x00007f105033df80 JavaThread "Framework Event Dispatcher: Equinox Container: 9870c374-9293-4ea3-b45b-ea0577a69949" daemon [_thread_blocked, id=122, stack(0x00007f1034100000,0x00007f1034200000)]
  0x00007f1050341370 JavaThread "Start Level: Equinox Container: 9870c374-9293-4ea3-b45b-ea0577a69949" daemon [_thread_blocked, id=123, stack(0x00007f0ffc900000,0x00007f0ffca00000)]
  0x00007f0fe402be40 JavaThread "SCR Component Actor" daemon [_thread_blocked, id=125, stack(0x00007f0ffc700000,0x00007f0ffc800000)]
  0x00007f0fe43fd3e0 JavaThread "Worker-JM" [_thread_blocked, id=133, stack(0x00007f0ffc300000,0x00007f0ffc400000)]
  0x00007f0fe45e3b20 JavaThread "Java indexing" daemon [_thread_blocked, id=136, stack(0x00007f0ffbd00000,0x00007f0ffbe00000)]
  0x00007f0fe47ab5b0 JavaThread "Bundle File Closer" daemon [_thread_blocked, id=137, stack(0x00007f0ffbb00000,0x00007f0ffbc00000)]
  0x00007f1050385990 JavaThread "pool-3-thread-1" [_thread_blocked, id=138, stack(0x00007f0ffb900000,0x00007f0ffba00000)]
  0x00007f105041ad20 JavaThread "pool-2-thread-1" [_thread_blocked, id=146, stack(0x00007f0ffb700000,0x00007f0ffb800000)]
  0x00007f0fc0000ff0 JavaThread "Worker-3: Java indexing... " [_thread_blocked, id=148, stack(0x00007f0ffb300000,0x00007f0ffb400000)]
  0x00007f0fb845a540 JavaThread "Okio Watchdog" daemon [_thread_blocked, id=185, stack(0x00007f0ffb000000,0x00007f0ffb100000)]
  0x00007f0fd804e550 JavaThread "Worker-6" [_thread_blocked, id=235, stack(0x00007f0ffb800000,0x00007f0ffb900000)]
  0x00007f0fbc22e2a0 JavaThread "Thread-6" [_thread_blocked, id=847, stack(0x00007f0ffbf00000,0x00007f0ffc000000)]
  0x00007f0fbc1d89e0 JavaThread "Thread-7" [_thread_blocked, id=896, stack(0x00007f0ffc000000,0x00007f0ffc100000)]
  0x00007f0fbc084770 JavaThread "Thread-11" [_thread_blocked, id=913, stack(0x00007f0ffb100000,0x00007f0ffb200000)]
  0x00007f0f8401b2b0 JavaThread "Worker-7: Publish Diagnostics" [_thread_blocked, id=925, stack(0x00007f0ffc100000,0x00007f0ffc200000)]
  0x00007f0fbc084cf0 JavaThread "Thread-12" [_thread_blocked, id=926, stack(0x00007f0ffbe00000,0x00007f0ffbf00000)]
  0x00007f0fd80010d0 JavaThread "Worker-8: Compacting resource model" [_thread_blocked, id=933, stack(0x00007f0ffaf00000,0x00007f0ffb000000)]
  0x00007f0ff40018f0 JavaThread "Worker-9: Periodic workspace save." [_thread_blocked, id=1393, stack(0x00007f0ffb500000,0x00007f0ffb600000)]

Other Threads:
  0x00007f10500c24c0 VMThread "VM Thread" [stack: 0x00007f1035dde000,0x00007f1035ede000] [id=85] _threads_hazard_ptr=0x00007f0f9c0032d0
  0x00007f1050142140 WatcherThread [stack: 0x00007f103451a000,0x00007f103461a000] [id=97]
  0x00007f105003d710 GCTaskThread "GC Thread#0" [stack: 0x00007f1054767000,0x00007f1054867000] [id=83]
  0x00007f1028001270 GCTaskThread "GC Thread#1" [stack: 0x00007f0ff9b00000,0x00007f0ff9c00000] [id=124]

Threads with active compile tasks:
JVMCI-native CompilerThread0   991720 8704       4       java.util.HashMap::keysToArray (81 bytes)

VM state: synchronizing (normal execution)

VM Mutex/Monitor currently owned by a thread:  ([mutex/lock_event])
[0x00007f1050022f60] Threads_lock - owner thread: 0x00007f10500c24c0
[0x00007f1050023710] Heap_lock - owner thread: 0x00007f0f8401b2b0

OutOfMemory and StackOverflow Exception counts:
OutOfMemoryError java_heap_errors=3
LinkageErrors=65

Heap address: 0x00000000e0000000, size: 512 MB, Compressed Oops mode: 32-bit

CDS archive(s) mapped at: [0x0000000800000000-0x0000000800bc8000-0x0000000800bc8000), size 12353536, SharedBaseAddress: 0x0000000800000000, ArchiveRelocationMode: 0.
Compressed class space mapped at: 0x0000000800c00000-0x0000000840c00000, reserved size: 1073741824
Narrow klass base: 0x0000000800000000, Narrow klass shift: 0, Narrow klass range: 0x100000000

GC Precious Log:
 CPUs: 8 total, 2 available
 Memory: 3215M
 Large Page Support: Disabled
 NUMA Support: Disabled
 Compressed Oops: Enabled (32-bit)
 Alignments: Space 512K, Generation 512K, Heap 2M
 Heap Min Capacity: 100M
 Heap Initial Capacity: 100M
 Heap Max Capacity: 512M
 Pre-touch: Disabled
 Parallel Workers: 2

Heap:
 PSYoungGen      total 92672K, used 41983K [0x00000000f5580000, 0x00000000fe300000, 0x0000000100000000)
  eden space 41984K, 99% used [0x00000000f5580000,0x00000000f7e7fff8,0x00000000f7e80000)
  from space 50688K, 0% used [0x00000000f7e80000,0x00000000f7e80000,0x00000000fb000000)
  to   space 25600K, 0% used [0x00000000fb000000,0x00000000fb000000,0x00000000fc900000)
 ParOldGen       total 349696K, used 349694K [0x00000000e0000000, 0x00000000f5580000, 0x00000000f5580000)
  object space 349696K, 99% used [0x00000000e0000000,0x00000000f557fa58,0x00000000f5580000)
 Metaspace       used 57716K, committed 58880K, reserved 1105920K
  class space    used 5659K, committed 6144K, reserved 1048576K

Card table byte_map: [0x00007f1054867000,0x00007f1054968000] _byte_map_base: 0x00007f1054167000

Marking Bits: (ParMarkBitMap*) 0x00007f1055fb74c0
 Begin Bits: [0x00007f10364b3000, 0x00007f1036cb3000)
 End Bits:   [0x00007f1036cb3000, 0x00007f10374b3000)

Polling page: 0x00007f1054b81000

Metaspace:

Usage:
  Non-class:     50.84 MB used.
      Class:      5.53 MB used.
       Both:     56.36 MB used.

Virtual space:
  Non-class space:       56.00 MB reserved,      51.50 MB ( 92%) committed,  7 nodes.
      Class space:        1.00 GB reserved,       6.00 MB ( <1%) committed,  1 nodes.
             Both:        1.05 GB reserved,      57.50 MB (  5%) committed. 

Chunk freelists:
   Non-Class:  645.00 KB
       Class:  2.09 MB
        Both:  2.72 MB

MaxMetaspaceSize: unlimited
CompressedClassSpaceSize: 1.00 GB
Initial GC threshold: 21.00 MB
Current GC threshold: 95.88 MB
CDS: on
MetaspaceReclaimPolicy: balanced
 - commit_granule_bytes: 65536.
 - commit_granule_words: 8192.
 - virtual_space_node_default_size: 1048576.
 - enlarge_chunks_in_place: 1.
 - new_chunks_are_fully_committed: 0.
 - uncommit_free_chunks: 1.
 - use_allocation_guard: 0.
 - handle_deallocations: 1.


Internal statistics:

num_allocs_failed_limit: 6.
num_arena_births: 494.
num_arena_deaths: 148.
num_vsnodes_births: 8.
num_vsnodes_deaths: 0.
num_space_committed: 919.
num_space_uncommitted: 0.
num_chunks_returned_to_freelist: 208.
num_chunks_taken_from_freelist: 2775.
num_chunk_merges: 87.
num_chunk_splits: 1789.
num_chunks_enlarged: 1108.
num_purges: 22.
num_inconsistent_stats: 0.

CodeHeap 'non-profiled nmethods': size=120036Kb used=2482Kb max_used=2482Kb free=117553Kb
 bounds [0x00007f103ef7a000, 0x00007f103f1ea000, 0x00007f10464b3000]
CodeHeap 'profiled nmethods': size=120032Kb used=14871Kb max_used=15317Kb free=105160Kb
 bounds [0x00007f1037a42000, 0x00007f1038952000, 0x00007f103ef7a000]
CodeHeap 'non-nmethods': size=5692Kb used=1397Kb max_used=1400Kb free=4294Kb
 bounds [0x00007f10374b3000, 0x00007f1037723000, 0x00007f1037a42000]
 total_blobs=7447 nmethods=6707 adapters=625
 compilation: enabled
              stopped_count=0, restarted_count=0
 full_count=0

JVMCI Events (20 events):
Event: 871.851 Thread 0x00007f10500d2a80 destroyed JavaVM[9]@0x00007f0ffa99e340 for JVMCI runtime 0
Event: 871.851 Thread 0x00007f10500d2a80 compacted oop handles in JVMCI runtime 0 from 60 to 60
Event: 871.851 Thread 0x00007f10500d2a80 releasing handles for JVMCI runtime 0: oop handles=60, metadata handles={total=114, live=99, blocks=33}
Event: 871.851 Thread 0x00007f10500d2a80 detached from JVMCI runtime 0
Event: 924.961 Thread 0x00007f10500d2a80 attached to JVMCI runtime 0
Event: 924.964 Thread 0x00007f10500d2a80 created JavaVM[10]@0x00007f0ffa99e340 for JVMCI runtime 0
Event: 925.557 Thread 0x00007f10500d2a80 initializing JVMCI runtime 0
Event: 925.557 Thread 0x00007f10500d2a80 done waiting for JavaVM references initialization in JVMCI runtime 0
Event: 949.719 Thread 0x00007f10500d2a80 initialized JVMCI runtime 0
Event: 954.116 Thread 0x00007f10500d2a80 detaching from JVMCI runtime 0: releasing idle compiler thread (0 other threads still attached)
Event: 954.116 Thread 0x00007f10500d2a80 shutting down HotSpotJVMCIRuntime for JVMCI runtime 0
Event: 954.116 Thread 0x00007f10500d2a80 shut down JVMCI runtime 0
Event: 954.646 Thread 0x00007f10500d2a80 destroyed JavaVM[10]@0x00007f0ffa99e340 for JVMCI runtime 0
Event: 954.646 Thread 0x00007f10500d2a80 compacted oop handles in JVMCI runtime 0 from 42 to 42
Event: 954.646 Thread 0x00007f10500d2a80 releasing handles for JVMCI runtime 0: oop handles=42, metadata handles={total=86, live=75, blocks=33}
Event: 954.646 Thread 0x00007f10500d2a80 detached from JVMCI runtime 0
Event: 968.222 Thread 0x00007f10500d2a80 attached to JVMCI runtime 0
Event: 968.225 Thread 0x00007f10500d2a80 created JavaVM[11]@0x00007f0ffa99e340 for JVMCI runtime 0
Event: 968.225 Thread 0x00007f10500d2a80 initializing JVMCI runtime 0
Event: 968.225 Thread 0x00007f10500d2a80 done waiting for JavaVM references initialization in JVMCI runtime 0

Compilation events (20 events):
Event: 785.162 Thread 0x00007f10500d3f90 8696       3       java.util.concurrent.ThreadPoolExecutor::isShutdown (12 bytes)
Event: 785.163 Thread 0x00007f10500d3f90 nmethod 8696 0x00007f1038331a10 code [0x00007f1038331bc0, 0x00007f1038331db0]
Event: 798.918 Thread 0x00007f10500d2a80 nmethod 8690 0x00007f103f1e3e10 code [0x00007f103f1e3fa0, 0x00007f103f1e41f8]
Event: 798.918 Thread 0x00007f10500d2a80 8698       4       java.util.ArrayList::isEmpty (13 bytes)
Event: 802.399 Thread 0x00007f10500d2a80 nmethod 8698 0x00007f103f1e4310 code [0x00007f103f1e4480, 0x00007f103f1e44c8]
Event: 802.399 Thread 0x00007f10500d2a80 8697       4       java.util.AbstractSet::<init> (5 bytes)
Event: 806.567 Thread 0x00007f10500d2a80 nmethod 8697 0x00007f103f1e4610 code [0x00007f103f1e4780, 0x00007f103f1e47c0]
Event: 806.567 Thread 0x00007f10500d2a80 8699       4       java.lang.StringBuilder::append (9 bytes)
Event: 810.969 Thread 0x00007f10500d3f90 8700       3       java.util.concurrent.ScheduledThreadPoolExecutor::canRunInCurrentRunState (61 bytes)
Event: 811.598 Thread 0x00007f10500d3f90 nmethod 8700 0x00007f1037b32d10 code [0x00007f1037b32f20, 0x00007f1037b339c0]
Event: 812.731 Thread 0x00007f10500d2a80 nmethod 8699 0x00007f103f1e4910 code [0x00007f103f1e4aa0, 0x00007f103f1e4f70]
Event: 841.859 Thread 0x00007f10500d2a80 8701       4       org.eclipse.jdt.internal.core.JrtPackageFragmentRoot::hashCode (41 bytes)
Event: 868.983 Thread 0x00007f10500d2a80 nmethod 8701 0x00007f103f1e5190 code [0x00007f103f1e5320, 0x00007f103f1e5e18]
Event: 868.983 Thread 0x00007f10500d2a80 8702       4       java.util.Hashtable$Enumerator::next (27 bytes)
Event: 869.537 Thread 0x00007f10500d2a80 nmethod 8702 0x00007f103f1e6190 code [0x00007f103f1e6300, 0x00007f103f1e6420]
Event: 924.961 Thread 0x00007f10500d2a80 8703       4       sun.util.locale.LocaleUtils::isAlpha (30 bytes)
Event: 953.067 Thread 0x00007f10500d2a80 nmethod 8703 0x00007f103f1e6590 code [0x00007f103f1e6700, 0x00007f103f1e6780]
Event: 967.674 Thread 0x00007f10500d3f90 8705       3       org.eclipse.core.internal.preferences.ImmutableMap$ArrayMap::shareStrings (87 bytes)
Event: 968.222 Thread 0x00007f10500d2a80 8704       4       java.util.HashMap::keysToArray (81 bytes)
Event: 968.223 Thread 0x00007f10500d3f90 nmethod 8705 0x00007f103817aa90 code [0x00007f103817aca0, 0x00007f103817b6b0]

GC Heap History (20 events):
Event: 986.194 GC heap before
{Heap before GC invocations=1555 (full 1491):
 PSYoungGen      total 92672K, used 41983K [0x00000000f5580000, 0x00000000fe300000, 0x0000000100000000)
  eden space 41984K, 99% used [0x00000000f5580000,0x00000000f7e7fff0,0x00000000f7e80000)
  from space 50688K, 0% used [0x00000000f7e80000,0x00000000f7e80000,0x00000000fb000000)
  to   space 25600K, 0% used [0x00000000fb000000,0x00000000fb000000,0x00000000fc900000)
 ParOldGen       total 349696K, used 349695K [0x00000000e0000000, 0x00000000f5580000, 0x00000000f5580000)
  object space 349696K, 99% used [0x00000000e0000000,0x00000000f557fea0,0x00000000f5580000)
 Metaspace       used 57716K, committed 58880K, reserved 1105920K
  class space    used 5659K, committed 6144K, reserved 1048576K
}
Event: 986.748 GC heap after
{Heap after GC invocations=1555 (full 1491):
 PSYoungGen      total 67584K, used 41983K [0x00000000f5580000, 0x00000000fe300000, 0x0000000100000000)
  eden space 41984K, 99% used [0x00000000f5580000,0x00000000f7e7fff0,0x00000000f7e80000)
  from space 25600K, 0% used [0x00000000fb000000,0x00000000fb000000,0x00000000fc900000)
  to   space 50688K, 0% used [0x00000000f7e80000,0x00000000f7e80000,0x00000000fb000000)
 ParOldGen       total 349696K, used 349693K [0x00000000e0000000, 0x00000000f5580000, 0x00000000f5580000)
  object space 349696K, 99% used [0x00000000e0000000,0x00000000f557f670,0x00000000f5580000)
 Metaspace       used 57716K, committed 58880K, reserved 1105920K
  class space    used 5659K, committed 6144K, reserved 1048576K
}
Event: 986.748 GC heap before
{Heap before GC invocations=1556 (full 1492):
 PSYoungGen      total 67584K, used 41983K [0x00000000f5580000, 0x00000000fe300000, 0x0000000100000000)
  eden space 41984K, 99% used [0x00000000f5580000,0x00000000f7e7fff0,0x00000000f7e80000)
  from space 25600K, 0% used [0x00000000fb000000,0x00000000fb000000,0x00000000fc900000)
  to   space 50688K, 0% used [0x00000000f7e80000,0x00000000f7e80000,0x00000000fb000000)
 ParOldGen       total 349696K, used 349695K [0x00000000e0000000, 0x00000000f5580000, 0x00000000f5580000)
  object space 349696K, 99% used [0x00000000e0000000,0x00000000f557ff58,0x00000000f5580000)
 Metaspace       used 57716K, committed 58880K, reserved 1105920K
  class space    used 5659K, committed 6144K, reserved 1048576K
}
Event: 987.297 GC heap after
{Heap after GC invocations=1556 (full 1492):
 PSYoungGen      total 92672K, used 41983K [0x00000000f5580000, 0x00000000fe300000, 0x0000000100000000)
  eden space 41984K, 99% used [0x00000000f5580000,0x00000000f7e7ffb8,0x00000000f7e80000)
  from space 50688K, 0% used [0x00000000f7e80000,0x00000000f7e80000,0x00000000fb000000)
  to   space 25600K, 0% used [0x00000000fb000000,0x00000000fb000000,0x00000000fc900000)
 ParOldGen       total 349696K, used 349695K [0x00000000e0000000, 0x00000000f5580000, 0x00000000f5580000)
  object space 349696K, 99% used [0x00000000e0000000,0x00000000f557ff58,0x00000000f5580000)
 Metaspace       used 57716K, committed 58880K, reserved 1105920K
  class space    used 5659K, committed 6144K, reserved 1048576K
}
Event: 987.297 GC heap before
{Heap before GC invocations=1557 (full 1493):
 PSYoungGen      total 92672K, used 41983K [0x00000000f5580000, 0x00000000fe300000, 0x0000000100000000)
  eden space 41984K, 99% used [0x00000000f5580000,0x00000000f7e7fff8,0x00000000f7e80000)
  from space 50688K, 0% used [0x00000000f7e80000,0x00000000f7e80000,0x00000000fb000000)
  to   space 25600K, 0% used [0x00000000fb000000,0x00000000fb000000,0x00000000fc900000)
 ParOldGen       total 349696K, used 349695K [0x00000000e0000000, 0x00000000f5580000, 0x00000000f5580000)
  object space 349696K, 99% used [0x00000000e0000000,0x00000000f557ff58,0x00000000f5580000)
 Metaspace       used 57716K, committed 58880K, reserved 1105920K
  class space    used 5659K, committed 6144K, reserved 1048576K
}
Event: 987.778 GC heap after
{Heap after GC invocations=1557 (full 1493):
 PSYoungGen      total 67584K, used 41983K [0x00000000f5580000, 0x00000000fe300000, 0x0000000100000000)
  eden space 41984K, 99% used [0x00000000f5580000,0x00000000f7e7fff8,0x00000000f7e80000)
  from space 25600K, 0% used [0x00000000fb000000,0x00000000fb000000,0x00000000fc900000)
  to   space 50688K, 0% used [0x00000000f7e80000,0x00000000f7e80000,0x00000000fb000000)
 ParOldGen       total 349696K, used 349695K [0x00000000e0000000, 0x00000000f5580000, 0x00000000f5580000)
  object space 349696K, 99% used [0x00000000e0000000,0x00000000f557ff58,0x00000000f5580000)
 Metaspace       used 57716K, committed 58880K, reserved 1105920K
  class space    used 5659K, committed 6144K, reserved 1048576K
}
Event: 987.779 GC heap before
{Heap before GC invocations=1558 (full 1494):
 PSYoungGen      total 67584K, used 41983K [0x00000000f5580000, 0x00000000fe300000, 0x0000000100000000)
  eden space 41984K, 99% used [0x00000000f5580000,0x00000000f7e7fff8,0x00000000f7e80000)
  from space 25600K, 0% used [0x00000000fb000000,0x00000000fb000000,0x00000000fc900000)
  to   space 50688K, 0% used [0x00000000f7e80000,0x00000000f7e80000,0x00000000fb000000)
 ParOldGen       total 349696K, used 349695K [0x00000000e0000000, 0x00000000f5580000, 0x00000000f5580000)
  object space 349696K, 99% used [0x00000000e0000000,0x00000000f557fff8,0x00000000f5580000)
 Metaspace       used 57716K, committed 58880K, reserved 1105920K
  class space    used 5659K, committed 6144K, reserved 1048576K
}
Event: 988.320 GC heap after
{Heap after GC invocations=1558 (full 1494):
 PSYoungGen      total 92672K, used 41983K [0x00000000f5580000, 0x00000000fe300000, 0x0000000100000000)
  eden space 41984K, 99% used [0x00000000f5580000,0x00000000f7e7ffd8,0x00000000f7e80000)
  from space 50688K, 0% used [0x00000000f7e80000,0x00000000f7e80000,0x00000000fb000000)
  to   space 25600K, 0% used [0x00000000fb000000,0x00000000fb000000,0x00000000fc900000)
 ParOldGen       total 349696K, used 349695K [0x00000000e0000000, 0x00000000f5580000, 0x00000000f5580000)
  object space 349696K, 99% used [0x00000000e0000000,0x00000000f557fff8,0x00000000f5580000)
 Metaspace       used 57716K, committed 58880K, reserved 1105920K
  class space    used 5659K, committed 6144K, reserved 1048576K
}
Event: 988.320 GC heap before
{Heap before GC invocations=1559 (full 1495):
 PSYoungGen      total 92672K, used 41983K [0x00000000f5580000, 0x00000000fe300000, 0x0000000100000000)
  eden space 41984K, 99% used [0x00000000f5580000,0x00000000f7e7fff8,0x00000000f7e80000)
  from space 50688K, 0% used [0x00000000f7e80000,0x00000000f7e80000,0x00000000fb000000)
  to   space 25600K, 0% used [0x00000000fb000000,0x00000000fb000000,0x00000000fc900000)
 ParOldGen       total 349696K, used 349695K [0x00000000e0000000, 0x00000000f5580000, 0x00000000f5580000)
  object space 349696K, 99% used [0x00000000e0000000,0x00000000f557fff8,0x00000000f5580000)
 Metaspace       used 57716K, committed 58880K, reserved 1105920K
  class space    used 5659K, committed 6144K, reserved 1048576K
}
Event: 988.880 GC heap after
{Heap after GC invocations=1559 (full 1495):
 PSYoungGen      total 67584K, used 41983K [0x00000000f5580000, 0x00000000fe300000, 0x0000000100000000)
  eden space 41984K, 99% used [0x00000000f5580000,0x00000000f7e7fff8,0x00000000f7e80000)
  from space 25600K, 0% used [0x00000000fb000000,0x00000000fb000000,0x00000000fc900000)
  to   space 50688K, 0% used [0x00000000f7e80000,0x00000000f7e80000,0x00000000fb000000)
 ParOldGen       total 349696K, used 349695K [0x00000000e0000000, 0x00000000f5580000, 0x00000000f5580000)
  object space 349696K, 99% used [0x00000000e0000000,0x00000000f557fff8,0x00000000f5580000)
 Metaspace       used 57716K, committed 58880K, reserved 1105920K
  class space    used 5659K, committed 6144K, reserved 1048576K
}
Event: 988.880 GC heap before
{Heap before GC invocations=1560 (full 1496):
 PSYoungGen      total 67584K, used 41983K [0x00000000f5580000, 0x00000000fe300000, 0x0000000100000000)
  eden space 41984K, 99% used [0x00000000f5580000,0x00000000f7e7fff8,0x00000000f7e80000)
  from space 25600K, 0% used [0x00000000fb000000,0x00000000fb000000,0x00000000fc900000)
  to   space 50688K, 0% used [0x00000000f7e80000,0x00000000f7e80000,0x00000000fb000000)
 ParOldGen       total 349696K, used 349695K [0x00000000e0000000, 0x00000000f5580000, 0x00000000f5580000)
  object space 349696K, 99% used [0x00000000e0000000,0x00000000f557fff8,0x00000000f5580000)
 Metaspace       used 57716K, committed 58880K, reserved 1105920K
  class space    used 5659K, committed 6144K, reserved 1048576K
}
Event: 989.426 GC heap after
{Heap after GC invocations=1560 (full 1496):
 PSYoungGen      total 92672K, used 41983K [0x00000000f5580000, 0x00000000fe300000, 0x0000000100000000)
  eden space 41984K, 99% used [0x00000000f5580000,0x00000000f7e7fff8,0x00000000f7e80000)
  from space 50688K, 0% used [0x00000000f7e80000,0x00000000f7e80000,0x00000000fb000000)
  to   space 25600K, 0% used [0x00000000fb000000,0x00000000fb000000,0x00000000fc900000)
 ParOldGen       total 349696K, used 349695K [0x00000000e0000000, 0x00000000f5580000, 0x00000000f5580000)
  object space 349696K, 99% used [0x00000000e0000000,0x00000000f557fff8,0x00000000f5580000)
 Metaspace       used 57716K, committed 58880K, reserved 1105920K
  class space    used 5659K, committed 6144K, reserved 1048576K
}
Event: 989.427 GC heap before
{Heap before GC invocations=1561 (full 1497):
 PSYoungGen      total 92672K, used 41983K [0x00000000f5580000, 0x00000000fe300000, 0x0000000100000000)
  eden space 41984K, 99% used [0x00000000f5580000,0x00000000f7e7fff8,0x00000000f7e80000)
  from space 50688K, 0% used [0x00000000f7e80000,0x00000000f7e80000,0x00000000fb000000)
  to   space 25600K, 0% used [0x00000000fb000000,0x00000000fb000000,0x00000000fc900000)
 ParOldGen       total 349696K, used 349695K [0x00000000e0000000, 0x00000000f5580000, 0x00000000f5580000)
  object space 349696K, 99% used [0x00000000e0000000,0x00000000f557fff8,0x00000000f5580000)
 Metaspace       used 57716K, committed 58880K, reserved 1105920K
  class space    used 5659K, committed 6144K, reserved 1048576K
}
Event: 989.959 GC heap after
{Heap after GC invocations=1561 (full 1497):
 PSYoungGen      total 67584K, used 41983K [0x00000000f5580000, 0x00000000fe300000, 0x0000000100000000)
  eden space 41984K, 99% used [0x00000000f5580000,0x00000000f7e7fee8,0x00000000f7e80000)
  from space 25600K, 0% used [0x00000000fb000000,0x00000000fb000000,0x00000000fc900000)
  to   space 50688K, 0% used [0x00000000f7e80000,0x00000000f7e80000,0x00000000fb000000)
 ParOldGen       total 349696K, used 349693K [0x00000000e0000000, 0x00000000f5580000, 0x00000000f5580000)
  object space 349696K, 99% used [0x00000000e0000000,0x00000000f557f710,0x00000000f5580000)
 Metaspace       used 57716K, committed 58880K, reserved 1105920K
  class space    used 5659K, committed 6144K, reserved 1048576K
}
Event: 989.959 GC heap before
{Heap before GC invocations=1562 (full 1498):
 PSYoungGen      total 67584K, used 41983K [0x00000000f5580000, 0x00000000fe300000, 0x0000000100000000)
  eden space 41984K, 99% used [0x00000000f5580000,0x00000000f7e7fff0,0x00000000f7e80000)
  from space 25600K, 0% used [0x00000000fb000000,0x00000000fb000000,0x00000000fc900000)
  to   space 50688K, 0% used [0x00000000f7e80000,0x00000000f7e80000,0x00000000fb000000)
 ParOldGen       total 349696K, used 349693K [0x00000000e0000000, 0x00000000f5580000, 0x00000000f5580000)
  object space 349696K, 99% used [0x00000000e0000000,0x00000000f557f710,0x00000000f5580000)
 Metaspace       used 57716K, committed 58880K, reserved 1105920K
  class space    used 5659K, committed 6144K, reserved 1048576K
}
Event: 990.505 GC heap after
{Heap after GC invocations=1562 (full 1498):
 PSYoungGen      total 92672K, used 41983K [0x00000000f5580000, 0x00000000fe300000, 0x0000000100000000)
  eden space 41984K, 99% used [0x00000000f5580000,0x00000000f7e7ffb8,0x00000000f7e80000)
  from space 50688K, 0% used [0x00000000f7e80000,0x00000000f7e80000,0x00000000fb000000)
  to   space 25600K, 0% used [0x00000000fb000000,0x00000000fb000000,0x00000000fc900000)
 ParOldGen       total 349696K, used 349693K [0x00000000e0000000, 0x00000000f5580000, 0x00000000f5580000)
  object space 349696K, 99% used [0x00000000e0000000,0x00000000f557f680,0x00000000f5580000)
 Metaspace       used 57716K, committed 58880K, reserved 1105920K
  class space    used 5659K, committed 6144K, reserved 1048576K
}
Event: 990.505 GC heap before
{Heap before GC invocations=1563 (full 1499):
 PSYoungGen      total 92672K, used 41983K [0x00000000f5580000, 0x00000000fe300000, 0x0000000100000000)
  eden space 41984K, 99% used [0x00000000f5580000,0x00000000f7e7fff8,0x00000000f7e80000)
  from space 50688K, 0% used [0x00000000f7e80000,0x00000000f7e80000,0x00000000fb000000)
  to   space 25600K, 0% used [0x00000000fb000000,0x00000000fb000000,0x00000000fc900000)
 ParOldGen       total 349696K, used 349695K [0x00000000e0000000, 0x00000000f5580000, 0x00000000f5580000)
  object space 349696K, 99% used [0x00000000e0000000,0x00000000f557fe40,0x00000000f5580000)
 Metaspace       used 57716K, committed 58880K, reserved 1105920K
  class space    used 5659K, committed 6144K, reserved 1048576K
}
Event: 991.121 GC heap after
{Heap after GC invocations=1563 (full 1499):
 PSYoungGen      total 67584K, used 41983K [0x00000000f5580000, 0x00000000fe300000, 0x0000000100000000)
  eden space 41984K, 99% used [0x00000000f5580000,0x00000000f7e7ff10,0x00000000f7e80000)
  from space 25600K, 0% used [0x00000000fb000000,0x00000000fb000000,0x00000000fc900000)
  to   space 50688K, 0% used [0x00000000f7e80000,0x00000000f7e80000,0x00000000fb000000)
 ParOldGen       total 349696K, used 349694K [0x00000000e0000000, 0x00000000f5580000, 0x00000000f5580000)
  object space 349696K, 99% used [0x00000000e0000000,0x00000000f557f958,0x00000000f5580000)
 Metaspace       used 57716K, committed 58880K, reserved 1105920K
  class space    used 5659K, committed 6144K, reserved 1048576K
}
Event: 991.121 GC heap before
{Heap before GC invocations=1564 (full 1500):
 PSYoungGen      total 67584K, used 41983K [0x00000000f5580000, 0x00000000fe300000, 0x0000000100000000)
  eden space 41984K, 99% used [0x00000000f5580000,0x00000000f7e7ff10,0x00000000f7e80000)
  from space 25600K, 0% used [0x00000000fb000000,0x00000000fb000000,0x00000000fc900000)
  to   space 50688K, 0% used [0x00000000f7e80000,0x00000000f7e80000,0x00000000fb000000)
 ParOldGen       total 349696K, used 349694K [0x00000000e0000000, 0x00000000f5580000, 0x00000000f5580000)
  object space 349696K, 99% used [0x00000000e0000000,0x00000000f557f958,0x00000000f5580000)
 Metaspace       used 57716K, committed 58880K, reserved 1105920K
  class space    used 5659K, committed 6144K, reserved 1048576K
}
Event: 991.662 GC heap after
{Heap after GC invocations=1564 (full 1500):
 PSYoungGen      total 92672K, used 41983K [0x00000000f5580000, 0x00000000fe300000, 0x0000000100000000)
  eden space 41984K, 99% used [0x00000000f5580000,0x00000000f7e7ff10,0x00000000f7e80000)
  from space 50688K, 0% used [0x00000000f7e80000,0x00000000f7e80000,0x00000000fb000000)
  to   space 25600K, 0% used [0x00000000fb000000,0x00000000fb000000,0x00000000fc900000)
 ParOldGen       total 349696K, used 349694K [0x00000000e0000000, 0x00000000f5580000, 0x00000000f5580000)
  object space 349696K, 99% used [0x00000000e0000000,0x00000000f557f958,0x00000000f5580000)
 Metaspace       used 57716K, committed 58880K, reserved 1105920K
  class space    used 5659K, committed 6144K, reserved 1048576K
}

Dll operation events (9 events):
Event: 0.006 Loaded shared library /nix/store/gpxl5qgg8kicmcvivwmybwjlpf7wh20l-graalvm17-ce-22.3.0/lib/libjava.so
Event: 0.029 Loaded shared library /nix/store/gpxl5qgg8kicmcvivwmybwjlpf7wh20l-graalvm17-ce-22.3.0/lib/libjsvml.so
Event: 0.242 Loaded shared library /nix/store/gpxl5qgg8kicmcvivwmybwjlpf7wh20l-graalvm17-ce-22.3.0/lib/libnio.so
Event: 0.260 Loaded shared library /nix/store/gpxl5qgg8kicmcvivwmybwjlpf7wh20l-graalvm17-ce-22.3.0/lib/libzip.so
Event: 0.264 Loaded shared library /nix/store/gpxl5qgg8kicmcvivwmybwjlpf7wh20l-graalvm17-ce-22.3.0/lib/libjvmcicompiler.so
Event: 0.610 Loaded shared library /nix/store/gpxl5qgg8kicmcvivwmybwjlpf7wh20l-graalvm17-ce-22.3.0/lib/libjimage.so
Event: 1.772 Loaded shared library /nix/store/gpxl5qgg8kicmcvivwmybwjlpf7wh20l-graalvm17-ce-22.3.0/lib/libnet.so
Event: 2.828 Loaded shared library /home/runner/test-Java/.cache/jdt-language-server/config/org.eclipse.equinox.launcher/org.eclipse.equinox.launcher.gtk.linux.x86_64_1.2.400.v20211117-0650/eclipse_11600.so
Event: 16.254 Loaded shared library /nix/store/gpxl5qgg8kicmcvivwmybwjlpf7wh20l-graalvm17-ce-22.3.0/lib/libextnet.so

Deoptimization events (20 events):
Event: 143.003 Thread 0x00007f0fbc22e2a0 Uncommon trap: trap_request=0xffffffed fr.pc=0x00007f103f1a9c9b relative=0x000000000000147b
Event: 143.003 Thread 0x00007f0fbc22e2a0 Uncommon trap: reason=null_assert_or_unreached0 action=reinterpret pc=0x00007f103f1a9c9b method=org.eclipse.jdt.internal.compiler.parser.Scanner.internalScanIdentifierOrKeyword(II[C)I @ 0 jvmci
Event: 143.003 Thread 0x00007f0fbc22e2a0 DEOPT PACKING pc=0x00007f103f1a9c9b sp=0x00007f0ffbffd280
Event: 143.003 Thread 0x00007f0fbc22e2a0 DEOPT UNPACKING pc=0x00007f1037505325 sp=0x00007f0ffbffc710 mode 3
Event: 143.585 Thread 0x00007f0fbc22e2a0 DEOPT PACKING pc=0x00007f10386f5468 sp=0x00007f0ffbffd350
Event: 143.585 Thread 0x00007f0fbc22e2a0 DEOPT UNPACKING pc=0x00007f1037505325 sp=0x00007f0ffbffc878 mode 0
Event: 146.727 Thread 0x00007f0fbc22e2a0 DEOPT PACKING pc=0x00007f10386f5468 sp=0x00007f0ffbffd450
Event: 146.727 Thread 0x00007f0fbc22e2a0 DEOPT UNPACKING pc=0x00007f1037505325 sp=0x00007f0ffbffc978 mode 0
Event: 148.383 Thread 0x00007f0fbc22e2a0 DEOPT PACKING pc=0x00007f10386f5468 sp=0x00007f0ffbffd450
Event: 148.383 Thread 0x00007f0fbc22e2a0 DEOPT UNPACKING pc=0x00007f1037505325 sp=0x00007f0ffbffc978 mode 0
Event: 154.262 Thread 0x00007f0fbc22e2a0 DEOPT PACKING pc=0x00007f10386f5468 sp=0x00007f0ffbffd490
Event: 154.262 Thread 0x00007f0fbc22e2a0 DEOPT UNPACKING pc=0x00007f1037505325 sp=0x00007f0ffbffc9b8 mode 0
Event: 157.082 Thread 0x00007f0fbc22e2a0 DEOPT PACKING pc=0x00007f10386f5420 sp=0x00007f0ffbffd490
Event: 157.082 Thread 0x00007f0fbc22e2a0 DEOPT UNPACKING pc=0x00007f1037505325 sp=0x00007f0ffbffc9b8 mode 0
Event: 159.771 Thread 0x00007f0fbc22e2a0 DEOPT PACKING pc=0x00007f10386f5468 sp=0x00007f0ffbffd490
Event: 159.771 Thread 0x00007f0fbc22e2a0 DEOPT UNPACKING pc=0x00007f1037505325 sp=0x00007f0ffbffc9b8 mode 0
Event: 162.928 Thread 0x00007f0f8401b2b0 DEOPT PACKING pc=0x00007f1037c0e6d5 sp=0x00007f0ffc1fd010
Event: 162.928 Thread 0x00007f0f8401b2b0 DEOPT UNPACKING pc=0x00007f1037505325 sp=0x00007f0ffc1fc708 mode 0
Event: 172.393 Thread 0x00007f0fbc22e2a0 DEOPT PACKING pc=0x00007f1038227380 sp=0x00007f0ffbffd530
Event: 172.393 Thread 0x00007f0fbc22e2a0 DEOPT UNPACKING pc=0x00007f1037505325 sp=0x00007f0ffbffca88 mode 0

Classes unloaded (20 events):
Event: 151.807 Thread 0x00007f10500c24c0 Unloading class 0x0000000801109800 'jdk/internal/reflect/GeneratedSerializationConstructorAccessor10'
Event: 151.807 Thread 0x00007f10500c24c0 Unloading class 0x0000000801109400 'jdk/internal/reflect/GeneratedSerializationConstructorAccessor9'
Event: 151.807 Thread 0x00007f10500c24c0 Unloading class 0x0000000801109000 'jdk/internal/reflect/GeneratedSerializationConstructorAccessor8'
Event: 151.807 Thread 0x00007f10500c24c0 Unloading class 0x0000000800fe8800 'jdk/internal/reflect/GeneratedSerializationConstructorAccessor2'
Event: 151.807 Thread 0x00007f10500c24c0 Unloading class 0x0000000800fe8400 'jdk/internal/reflect/GeneratedSerializationConstructorAccessor1'
Event: 153.927 Thread 0x00007f10500c24c0 Unloading class 0x0000000800f82400 'java/lang/invoke/LambdaForm$MH+0x0000000800f82400'
Event: 153.927 Thread 0x00007f10500c24c0 Unloading class 0x0000000800f82000 'java/lang/invoke/LambdaForm$MH+0x0000000800f82000'
Event: 153.927 Thread 0x00007f10500c24c0 Unloading class 0x0000000800f80c00 'java/lang/invoke/LambdaForm$MH+0x0000000800f80c00'
Event: 153.927 Thread 0x00007f10500c24c0 Unloading class 0x0000000800f80800 'java/lang/invoke/LambdaForm$MH+0x0000000800f80800'
Event: 153.928 Thread 0x00007f10500c24c0 Unloading class 0x0000000800f80400 'java/lang/invoke/LambdaForm$MH+0x0000000800f80400'
Event: 153.928 Thread 0x00007f10500c24c0 Unloading class 0x0000000800f80000 'java/lang/invoke/LambdaForm$MH+0x0000000800f80000'
Event: 153.928 Thread 0x00007f10500c24c0 Unloading class 0x0000000800d88400 'java/lang/invoke/LambdaForm$MH+0x0000000800d88400'
Event: 155.335 Thread 0x00007f10500c24c0 Unloading class 0x0000000801044c00 'jdk/internal/reflect/GeneratedMethodAccessor10'
Event: 155.335 Thread 0x00007f10500c24c0 Unloading class 0x0000000801044800 'jdk/internal/reflect/GeneratedMethodAccessor9'
Event: 155.335 Thread 0x00007f10500c24c0 Unloading class 0x0000000801044000 'jdk/internal/reflect/GeneratedMethodAccessor7'
Event: 156.793 Thread 0x00007f10500c24c0 Unloading class 0x00000008011ec000 'jdk/internal/reflect/GeneratedMethodAccessor14'
Event: 156.793 Thread 0x00007f10500c24c0 Unloading class 0x0000000801044400 'jdk/internal/reflect/GeneratedMethodAccessor8'
Event: 159.461 Thread 0x00007f10500c24c0 Unloading class 0x000000080110a400 'jdk/internal/reflect/GeneratedMethodAccessor12'
Event: 159.461 Thread 0x00007f10500c24c0 Unloading class 0x000000080110a000 'jdk/internal/reflect/GeneratedMethodAccessor11'
Event: 282.448 Thread 0x00007f10500c24c0 Unloading class 0x000000080101b000 'jdk/internal/reflect/GeneratedConstructorAccessor23'

Classes redefined (0 events):
No events

Internal exceptions (20 events):
Event: 22.802 Thread 0x00007f0fd8008e50 Exception <a 'java/lang/NoSuchMethodError'{0x00000000f66df538}: 'java.lang.Object java.lang.invoke.DirectMethodHandle$Holder.newInvokeSpecial(java.lang.Object, java.lang.Object, java.lang.Object, int, java.lang.Object)'> (0x00000000f66df538) 
thrown [src/hotspot/share/interpreter/linkResolver.cpp, line 758]
Event: 22.802 Thread 0x00007f0fd8008e50 Exception <a 'java/lang/NoSuchMethodError'{0x00000000f66e3440}: 'java.lang.Object java.lang.invoke.DirectMethodHandle$Holder.invokeSpecial(java.lang.Object, java.lang.Object, java.lang.Object, java.lang.Object, int, java.lang.Object)'> (0x00000000f66e3440) 
thrown [src/hotspot/share/interpreter/linkResolver.cpp, line 758]
Event: 22.803 Thread 0x00007f0fd8008e50 Exception <a 'java/lang/NoSuchMethodError'{0x00000000f66e6c80}: 'java.lang.Object java.lang.invoke.Invokers$Holder.linkToTargetMethod(java.lang.Object, java.lang.Object, int, java.lang.Object, java.lang.Object)'> (0x00000000f66e6c80) 
thrown [src/hotspot/share/interpreter/linkResolver.cpp, line 758]
Event: 23.486 Thread 0x00007f105041ad20 Exception <a 'java/lang/reflect/InvocationTargetException'{0x00000000f883c688}> (0x00000000f883c688) 
thrown [src/hotspot/share/runtime/reflection.cpp, line 1119]
Event: 23.535 Thread 0x00007f105041ad20 Exception <a 'java/lang/ClassNotFoundException'{0x00000000f886d780}: sun/util/logging/resources/spi/loggingProvider> (0x00000000f886d780) 
thrown [src/hotspot/share/classfile/systemDictionary.cpp, line 256]
Event: 24.630 Thread 0x00007f0fb4002ba0 Exception <a 'java/lang/NoSuchMethodError'{0x00000000f5e45128}: 'java.lang.Object java.lang.invoke.DirectMethodHandle$Holder.invokeStatic(java.lang.Object, java.lang.Object, java.lang.Object, long)'> (0x00000000f5e45128) 
thrown [src/hotspot/share/interpreter/linkResolver.cpp, line 758]
Event: 24.631 Thread 0x00007f0fb4002ba0 Exception <a 'java/lang/NoSuchMethodError'{0x00000000f5e4e198}: 'java.lang.Object java.lang.invoke.DirectMethodHandle$Holder.newInvokeSpecial(java.lang.Object, java.lang.Object, java.lang.Object, long)'> (0x00000000f5e4e198) 
thrown [src/hotspot/share/interpreter/linkResolver.cpp, line 758]
Event: 24.632 Thread 0x00007f0fb4002ba0 Exception <a 'java/lang/NoSuchMethodError'{0x00000000f5e53578}: 'java.lang.Object java.lang.invoke.DirectMethodHandle$Holder.invokeSpecial(java.lang.Object, java.lang.Object, java.lang.Object, java.lang.Object, long)'> (0x00000000f5e53578) 
thrown [src/hotspot/share/interpreter/linkResolver.cpp, line 758]
Event: 24.632 Thread 0x00007f0fb4002ba0 Exception <a 'java/lang/NoSuchMethodError'{0x00000000f5e57588}: 'java.lang.Object java.lang.invoke.Invokers$Holder.linkToTargetMethod(java.lang.Object, java.lang.Object, long, java.lang.Object)'> (0x00000000f5e57588) 
thrown [src/hotspot/share/interpreter/linkResolver.cpp, line 758]
Event: 25.079 Thread 0x00007f0fb4000ff0 Exception <a 'java/io/FileNotFoundException'{0x00000000f7d94f98}> (0x00000000f7d94f98) 
thrown [src/hotspot/share/prims/jni.cpp, line 516]
Event: 25.411 Thread 0x00007f0fd80010d0 Exception <a 'java/lang/NoSuchMethodError'{0x00000000f858f610}: 'java.lang.Object java.lang.invoke.DirectMethodHandle$Holder.newInvokeSpecial(java.lang.Object, java.lang.Object, int, java.lang.Object, java.lang.Object)'> (0x00000000f858f610) 
thrown [src/hotspot/share/interpreter/linkResolver.cpp, line 758]
Event: 25.412 Thread 0x00007f0fd80010d0 Exception <a 'java/lang/NoSuchMethodError'{0x00000000f8593850}: 'java.lang.Object java.lang.invoke.DirectMethodHandle$Holder.invokeSpecial(java.lang.Object, java.lang.Object, java.lang.Object, int, java.lang.Object, java.lang.Object)'> (0x00000000f8593850) 
thrown [src/hotspot/share/interpreter/linkResolver.cpp, line 758]
Event: 26.159 Thread 0x00007f0fd80010d0 Implicit null exception at 0x00007f103f06f8e9 to 0x00007f103f06fa9b
Event: 27.255 Thread 0x00007f0fbc27e810 Exception <a 'java/io/FileNotFoundException'{0x00000000f6d27158}> (0x00000000f6d27158) 
thrown [src/hotspot/share/prims/jni.cpp, line 516]
Event: 29.047 Thread 0x00007f0fbc27e810 Exception <a 'java/lang/NoSuchMethodError'{0x00000000f6a40488}: 'java.lang.Object java.lang.invoke.DirectMethodHandle$Holder.invokeStatic(java.lang.Object, int, java.lang.Object, java.lang.Object, java.lang.Object, java.lang.Object)'> (0x00000000f6a40488) 
thrown [src/hotspot/share/interpreter/linkResolver.cpp, line 758]
Event: 29.053 Thread 0x00007f0fbc27e810 Exception <a 'java/lang/NoSuchMethodError'{0x00000000f6c8d3e8}: 'java.lang.Object java.lang.invoke.DirectMethodHandle$Holder.newInvokeSpecial(java.lang.Object, int, java.lang.Object, java.lang.Object, java.lang.Object)'> (0x00000000f6c8d3e8) 
thrown [src/hotspot/share/interpreter/linkResolver.cpp, line 758]
Event: 29.116 Thread 0x00007f0fbc27e810 Exception <a 'java/lang/NoSuchMethodError'{0x00000000f72d8000}: 'int java.lang.invoke.DirectMethodHandle$Holder.invokeSpecialIFC(java.lang.Object, java.lang.Object, java.lang.Object, java.lang.Object)'> (0x00000000f72d8000) 
thrown [src/hotspot/share/interpreter/linkResolver.cpp, line 758]
Event: 793.798 Thread 0x00007f0f8401b2b0 Exception <a 'java/lang/OutOfMemoryError'{0x00000000e0479ef8}> (0x00000000e0479ef8) 
thrown [src/hotspot/share/gc/shared/memAllocator.cpp, line 136]
Event: 989.427 Thread 0x00007f0fbc22e2a0 Exception <a 'java/lang/OutOfMemoryError'{0x00000000e0479dc0}> (0x00000000e0479dc0) 
thrown [src/hotspot/share/gc/shared/memAllocator.cpp, line 136]
Event: 991.662 Thread 0x00007f10500d2a80 Exception <a 'java/lang/OutOfMemoryError'{0x00000000e047a3b0}> (0x00000000e047a3b0) 
thrown [src/hotspot/share/gc/shared/memAllocator.cpp, line 136]

VM Operations (20 events):
Event: 985.685 Executing VM operation: ParallelGCFailedAllocation done
Event: 985.685 Executing VM operation: ParallelGCFailedAllocation
Event: 986.194 Executing VM operation: ParallelGCFailedAllocation done
Event: 986.194 Executing VM operation: ParallelGCFailedAllocation
Event: 986.748 Executing VM operation: ParallelGCFailedAllocation done
Event: 986.748 Executing VM operation: ParallelGCFailedAllocation
Event: 987.297 Executing VM operation: ParallelGCFailedAllocation done
Event: 987.297 Executing VM operation: ParallelGCFailedAllocation
Event: 987.778 Executing VM operation: ParallelGCFailedAllocation done
Event: 987.779 Executing VM operation: ParallelGCFailedAllocation
Event: 988.320 Executing VM operation: ParallelGCFailedAllocation done
Event: 988.320 Executing VM operation: ParallelGCFailedAllocation
Event: 989.427 Executing VM operation: ParallelGCFailedAllocation done
Event: 989.427 Executing VM operation: ParallelGCFailedAllocation
Event: 989.959 Executing VM operation: ParallelGCFailedAllocation done
Event: 989.959 Executing VM operation: ParallelGCFailedAllocation
Event: 990.505 Executing VM operation: ParallelGCFailedAllocation done
Event: 990.505 Executing VM operation: ParallelGCFailedAllocation
Event: 991.662 Executing VM operation: ParallelGCFailedAllocation done
Event: 991.662 Executing VM operation: ParallelGCFailedAllocation

Events (20 events):
Event: 371.224 loading class java/net/StandardProtocolFamily done
Event: 372.619 loading class sun/nio/ch/ExtendedSocketOption
Event: 372.619 loading class sun/nio/ch/ExtendedSocketOption done
Event: 372.619 loading class sun/nio/ch/ExtendedSocketOption$1
Event: 372.619 loading class sun/nio/ch/ExtendedSocketOption$1 done
Event: 372.619 loading class sun/security/ssl/Alert
Event: 372.620 loading class sun/security/ssl/Alert done
Event: 387.359 loading class sun/security/ssl/Alert$AlertConsumer
Event: 387.360 loading class sun/security/ssl/Alert$AlertConsumer done
Event: 387.360 loading class sun/security/ssl/Alert$Level
Event: 387.883 loading class sun/security/ssl/Alert$Level done
Event: 392.826 loading class javax/crypto/ShortBufferException
Event: 392.826 loading class javax/crypto/ShortBufferException done
Event: 399.642 loading class java/net/SocketException
Event: 404.355 loading class java/net/SocketException done
Event: 458.153 Thread 0x00007f0fb8453530 Thread exited: 0x00007f0fb8453530
Event: 459.903 Thread 0x00007f0fe0002370 Thread exited: 0x00007f0fe0002370
Event: 475.818 Thread 0x00007f0fb8453f30 Thread exited: 0x00007f0fb8453f30
Event: 848.501 loading class java/lang/AssertionError
Event: 849.033 loading class java/lang/AssertionError done


Dynamic libraries:
e0000000-ef600000 rw-p 00000000 00:00 0 
ef600000-fe300000 rw-p 00000000 00:00 0 
fe300000-100000000 ---p 00000000 00:00 0 
800000000-800449000 rw-p 00001000 08:30 707969865                        /nix/store/gpxl5qgg8kicmcvivwmybwjlpf7wh20l-graalvm17-ce-22.3.0/lib/server/classes.jsa
800449000-800bc8000 r--p 0044a000 08:30 707969865                        /nix/store/gpxl5qgg8kicmcvivwmybwjlpf7wh20l-graalvm17-ce-22.3.0/lib/server/classes.jsa
800bc8000-800c00000 ---p 00000000 00:00 0 
800c00000-800c10000 rw-p 00000000 00:00 0 
800c10000-800c30000 rw-p 00000000 00:00 0 
800c30000-800cb0000 rw-p 00000000 00:00 0 
800cb0000-800cf0000 rw-p 00000000 00:00 0 
800cf0000-800db0000 rw-p 00000000 00:00 0 
800db0000-800df0000 rw-p 00000000 00:00 0 
800df0000-8010b0000 rw-p 00000000 00:00 0 
8010b0000-801200000 rw-p 00000000 00:00 0 
801200000-840c00000 ---p 00000000 00:00 0 
556523444000-556523445000 r-xp 00000000 08:30 672029940                  /nix/store/gpxl5qgg8kicmcvivwmybwjlpf7wh20l-graalvm17-ce-22.3.0/bin/.java-wrapped
556523446000-556523447000 r--p 00001000 08:30 672029940                  /nix/store/gpxl5qgg8kicmcvivwmybwjlpf7wh20l-graalvm17-ce-22.3.0/bin/.java-wrapped
556523447000-556523448000 rw-p 00002000 08:30 672029940                  /nix/store/gpxl5qgg8kicmcvivwmybwjlpf7wh20l-graalvm17-ce-22.3.0/bin/.java-wrapped
556523448000-556523449000 rw-p 00004000 08:30 672029940                  /nix/store/gpxl5qgg8kicmcvivwmybwjlpf7wh20l-graalvm17-ce-22.3.0/bin/.java-wrapped
556523449000-55652344a000 rw-p 00005000 08:30 672029940                  /nix/store/gpxl5qgg8kicmcvivwmybwjlpf7wh20l-graalvm17-ce-22.3.0/bin/.java-wrapped
556524275000-5565242bd000 rw-p 00000000 00:00 0                          [heap]
7f0f84000000-7f0f84031000 rw-p 00000000 00:00 0 
7f0f84031000-7f0f88000000 ---p 00000000 00:00 0 
7f0f88000000-7f0f88196000 rw-p 00000000 00:00 0 
7f0f88196000-7f0f8c000000 ---p 00000000 00:00 0 
7f0f8c000000-7f0f8c021000 rw-p 00000000 00:00 0 
7f0f8c021000-7f0f90000000 ---p 00000000 00:00 0 
7f0f90000000-7f0f90021000 rw-p 00000000 00:00 0 
7f0f90021000-7f0f94000000 ---p 00000000 00:00 0 
7f0f94000000-7f0f94021000 rw-p 00000000 00:00 0 
7f0f94021000-7f0f98000000 ---p 00000000 00:00 0 
7f0f98000000-7f0f98021000 rw-p 00000000 00:00 0 
7f0f98021000-7f0f9c000000 ---p 00000000 00:00 0 
7f0f9c000000-7f0f9c021000 rw-p 00000000 00:00 0 
7f0f9c021000-7f0fa0000000 ---p 00000000 00:00 0 
7f0fa24b3000-7f0fac000000 r--s 00000000 08:30 707804677                  /nix/store/gpxl5qgg8kicmcvivwmybwjlpf7wh20l-graalvm17-ce-22.3.0/lib/modules
7f0fac000000-7f0fac046000 rw-p 00000000 00:00 0 
7f0fac046000-7f0fb0000000 ---p 00000000 00:00 0 
7f0fb0800000-7f0fb0b80000 rw-p 00000000 00:00 0 
7f0fb0b80000-7f0fb1000000 ---p 00000000 00:00 0 
7f0fb1000000-7f0fb10f0000 rw-p 00000000 00:00 0 
7f0fb10f0000-7f0fb11f0000 rw-p 00000000 00:00 0 
7f0fb11f0000-7f0fb17f0000 rw-p 00000000 00:00 0 
7f0fb17f0000-7f0fb1800000 rw-p 00000000 00:00 0 
7f0fb2800000-7f0fb28f0000 rw-p 00000000 00:00 0 
7f0fb28f0000-7f0fb29f0000 rw-p 00000000 00:00 0 
7f0fb29f0000-7f0fb2cf0000 rw-p 00000000 00:00 0 
7f0fb2cf0000-7f0fb2ef0000 rw-p 00000000 00:00 0 
7f0fb2ef0000-7f0fb2f30000 rw-p 00000000 00:00 0 
7f0fb2f30000-7f0fb2f70000 rw-p 00000000 00:00 0 
7f0fb2f70000-7f0fb2ff0000 rw-p 00000000 00:00 0 
7f0fb2ff0000-7f0fb37f0000 rw-p 00000000 00:00 0 
7f0fb37f0000-7f0fb3800000 rw-p 00000000 00:00 0 
7f0fb4000000-7f0fb4021000 rw-p 00000000 00:00 0 
7f0fb4021000-7f0fb8000000 ---p 00000000 00:00 0 
7f0fb8000000-7f0fb84ff000 rw-p 00000000 00:00 0 
7f0fb84ff000-7f0fbc000000 ---p 00000000 00:00 0 
7f0fbc000000-7f0fbc288000 rw-p 00000000 00:00 0 
7f0fbc288000-7f0fc0000000 ---p 00000000 00:00 0 
7f0fc0000000-7f0fc0061000 rw-p 00000000 00:00 0 
7f0fc0061000-7f0fc4000000 ---p 00000000 00:00 0 
7f0fc4000000-7f0fc4021000 rw-p 00000000 00:00 0 
7f0fc4021000-7f0fc8000000 ---p 00000000 00:00 0 
7f0fc8000000-7f0fc8021000 rw-p 00000000 00:00 0 
7f0fc8021000-7f0fcc000000 ---p 00000000 00:00 0 
7f0fcc000000-7f0fcc3d1000 rw-p 00000000 00:00 0 
7f0fcc3d1000-7f0fd0000000 ---p 00000000 00:00 0 
7f0fd0000000-7f0fd0095000 rw-p 00000000 00:00 0 
7f0fd0095000-7f0fd4000000 ---p 00000000 00:00 0 
7f0fd4000000-7f0fd4021000 rw-p 00000000 00:00 0 
7f0fd4021000-7f0fd8000000 ---p 00000000 00:00 0 
7f0fd8000000-7f0fd8062000 rw-p 00000000 00:00 0 
7f0fd8062000-7f0fdc000000 ---p 00000000 00:00 0 
7f0fdc000000-7f0fdc021000 rw-p 00000000 00:00 0 
7f0fdc021000-7f0fe0000000 ---p 00000000 00:00 0 
7f0fe0000000-7f0fe0021000 rw-p 00000000 00:00 0 
7f0fe0021000-7f0fe4000000 ---p 00000000 00:00 0 
7f0fe4000000-7f0fe488a000 rw-p 00000000 00:00 0 
7f0fe488a000-7f0fe8000000 ---p 00000000 00:00 0 
7f0fe8000000-7f0fe8045000 rw-p 00000000 00:00 0 
7f0fe8045000-7f0fec000000 ---p 00000000 00:00 0 
7f0fec000000-7f0fec021000 rw-p 00000000 00:00 0 
7f0fec021000-7f0ff0000000 ---p 00000000 00:00 0 
7f0ff0000000-7f0ff0021000 rw-p 00000000 00:00 0 
7f0ff0021000-7f0ff4000000 ---p 00000000 00:00 0 
7f0ff4000000-7f0ff4021000 rw-p 00000000 00:00 0 
7f0ff4021000-7f0ff8000000 ---p 00000000 00:00 0 
7f0ff8400000-7f0ff8570000 rw-p 00000000 00:00 0 
7f0ff8570000-7f0ff85f0000 rw-p 00000000 00:00 0 
7f0ff85f0000-7f0ff8af0000 rw-p 00000000 00:00 0 
7f0ff8af0000-7f0ff8bf0000 rw-p 00000000 00:00 0 
7f0ff8bf0000-7f0ff8c00000 rw-p 00000000 00:00 0 
7f0ff9000000-7f0ff90f0000 rw-p 00000000 00:00 0 
7f0ff90f0000-7f0ff91f0000 rw-p 00000000 00:00 0 
7f0ff91f0000-7f0ff96f0000 rw-p 00000000 00:00 0 
7f0ff96f0000-7f0ff9800000 rw-p 00000000 00:00 0 
7f0ff9800000-7f0ff9810000 r-xp 00000000 00:6e5 310                       /home/runner/test-Java/.cache/jdt-language-server/config/org.eclipse.equinox.launcher/org.eclipse.equinox.launcher.gtk.linux.x86_64_1.2.400.v20211117-0650/eclipse_11600.so
7f0ff9810000-7f0ff9a0f000 ---p 00010000 00:6e5 310                       /home/runner/test-Java/.cache/jdt-language-server/config/org.eclipse.equinox.launcher/org.eclipse.equinox.launcher.gtk.linux.x86_64_1.2.400.v20211117-0650/eclipse_11600.so
7f0ff9a0f000-7f0ff9a10000 r--p 0000f000 00:6e5 310                       /home/runner/test-Java/.cache/jdt-language-server/config/org.eclipse.equinox.launcher/org.eclipse.equinox.launcher.gtk.linux.x86_64_1.2.400.v20211117-0650/eclipse_11600.so
7f0ff9a10000-7f0ff9a11000 rw-p 00010000 00:6e5 310                       /home/runner/test-Java/.cache/jdt-language-server/config/org.eclipse.equinox.launcher/org.eclipse.equinox.launcher.gtk.linux.x86_64_1.2.400.v20211117-0650/eclipse_11600.so
7f0ff9afe000-7f0ff9aff000 ---p 00000000 00:00 0 
7f0ff9aff000-7f0ff9c00000 rw-p 00000000 00:00 0 
7f0ff9d00000-7f0ff9e00000 ---p 00000000 00:00 0 
7f0ff9e00000-7f0ffa3af000 r--p 01122000 08:30 707802136                  /nix/store/gpxl5qgg8kicmcvivwmybwjlpf7wh20l-graalvm17-ce-22.3.0/lib/libjvmcicompiler.so
7f0ffa3af000-7f0ffa500000 r--p 00000000 00:00 0 
7f0ffa500000-7f0ffa53d000 rw-p 00000000 00:00 0 
7f0ffa53d000-7f0ffaa5d000 rw-p 0185f000 08:30 707802136                  /nix/store/gpxl5qgg8kicmcvivwmybwjlpf7wh20l-graalvm17-ce-22.3.0/lib/libjvmcicompiler.so
7f0ffaa5d000-7f0ffae44000 r--p 01d7f000 08:30 707802136                  /nix/store/gpxl5qgg8kicmcvivwmybwjlpf7wh20l-graalvm17-ce-22.3.0/lib/libjvmcicompiler.so
7f0ffaf00000-7f0ffaf04000 ---p 00000000 00:00 0 
7f0ffaf04000-7f0ffb000000 rw-p 00000000 00:00 0 
7f0ffb000000-7f0ffb004000 ---p 00000000 00:00 0 
7f0ffb004000-7f0ffb100000 rw-p 00000000 00:00 0 
7f0ffb100000-7f0ffb104000 ---p 00000000 00:00 0 
7f0ffb104000-7f0ffb200000 rw-p 00000000 00:00 0 
7f0ffb300000-7f0ffb304000 ---p 00000000 00:00 0 
7f0ffb304000-7f0ffb400000 rw-p 00000000 00:00 0 
7f0ffb500000-7f0ffb504000 ---p 00000000 00:00 0 
7f0ffb504000-7f0ffb600000 rw-p 00000000 00:00 0 
7f0ffb700000-7f0ffb704000 ---p 00000000 00:00 0 
7f0ffb704000-7f0ffb800000 rw-p 00000000 00:00 0 
7f0ffb800000-7f0ffb804000 ---p 00000000 00:00 0 
7f0ffb804000-7f0ffb900000 rw-p 00000000 00:00 0 
7f0ffb900000-7f0ffb904000 ---p 00000000 00:00 0 
7f0ffb904000-7f0ffba00000 rw-p 00000000 00:00 0 
7f0ffbb00000-7f0ffbb04000 ---p 00000000 00:00 0 
7f0ffbb04000-7f0ffbc00000 rw-p 00000000 00:00 0 
7f0ffbd00000-7f0ffbd04000 ---p 00000000 00:00 0 
7f0ffbd04000-7f0ffbe00000 rw-p 00000000 00:00 0 
7f0ffbe00000-7f0ffbe04000 ---p 00000000 00:00 0 
7f0ffbe04000-7f0ffbf00000 rw-p 00000000 00:00 0 
7f0ffbf00000-7f0ffbf04000 ---p 00000000 00:00 0 
7f0ffbf04000-7f0ffc000000 rw-p 00000000 00:00 0 
7f0ffc000000-7f0ffc004000 ---p 00000000 00:00 0 
7f0ffc004000-7f0ffc100000 rw-p 00000000 00:00 0 
7f0ffc100000-7f0ffc104000 ---p 00000000 00:00 0 
7f0ffc104000-7f0ffc200000 rw-p 00000000 00:00 0 
7f0ffc200000-7f0ffc204000 ---p 00000000 00:00 0 
7f0ffc204000-7f0ffc300000 rw-p 00000000 00:00 0 
7f0ffc300000-7f0ffc304000 ---p 00000000 00:00 0 
7f0ffc304000-7f0ffc400000 rw-p 00000000 00:00 0 
7f0ffc400000-7f0ffc404000 ---p 00000000 00:00 0 
7f0ffc404000-7f0ffc500000 rw-p 00000000 00:00 0 
7f0ffc500000-7f0ffc504000 ---p 00000000 00:00 0 
7f0ffc504000-7f0ffc600000 rw-p 00000000 00:00 0 
7f0ffc600000-7f0ffc604000 ---p 00000000 00:00 0 
7f0ffc604000-7f0ffc700000 rw-p 00000000 00:00 0 
7f0ffc700000-7f0ffc704000 ---p 00000000 00:00 0 
7f0ffc704000-7f0ffc800000 rw-p 00000000 00:00 0 
7f0ffc900000-7f0ffc904000 ---p 00000000 00:00 0 
7f0ffc904000-7f0ffca00000 rw-p 00000000 00:00 0 
7f0ffd668000-7f0ffdb00000 rw-p 00000000 00:00 0 
7f0ffdc00000-7f0fffd6a000 r-xp 00000000 08:30 707802136                  /nix/store/gpxl5qgg8kicmcvivwmybwjlpf7wh20l-graalvm17-ce-22.3.0/lib/libjvmcicompiler.so
7f0fffd6a000-7f0ffff69000 ---p 0216a000 08:30 707802136                  /nix/store/gpxl5qgg8kicmcvivwmybwjlpf7wh20l-graalvm17-ce-22.3.0/lib/libjvmcicompiler.so
7f0ffff69000-7f0ffff6a000 r--p 02169000 08:30 707802136                  /nix/store/gpxl5qgg8kicmcvivwmybwjlpf7wh20l-graalvm17-ce-22.3.0/lib/libjvmcicompiler.so
7f0ffff6a000-7f0ffff6c000 rw-p 0216a000 08:30 707802136                  /nix/store/gpxl5qgg8kicmcvivwmybwjlpf7wh20l-graalvm17-ce-22.3.0/lib/libjvmcicompiler.so
7f0ffff6c000-7f0ffff6d000 rw-p 00000000 00:00 0 
7f0ffff6d000-7f0ffff72000 rw-p 023c3000 08:30 707802136                  /nix/store/gpxl5qgg8kicmcvivwmybwjlpf7wh20l-graalvm17-ce-22.3.0/lib/libjvmcicompiler.so
7f1000000000-7f1000021000 rw-p 00000000 00:00 0 
7f1000021000-7f1004000000 ---p 00000000 00:00 0 
7f1004000000-7f1004021000 rw-p 00000000 00:00 0 
7f1004021000-7f1008000000 ---p 00000000 00:00 0 
7f1008000000-7f1008021000 rw-p 00000000 00:00 0 
7f1008021000-7f100c000000 ---p 00000000 00:00 0 
7f100c000000-7f100c021000 rw-p 00000000 00:00 0 
7f100c021000-7f1010000000 ---p 00000000 00:00 0 
7f1010000000-7f10100f9000 rw-p 00000000 00:00 0 
7f10100f9000-7f1014000000 ---p 00000000 00:00 0 
7f1014000000-7f1014ac7000 rw-p 00000000 00:00 0 
7f1014ac7000-7f1018000000 ---p 00000000 00:00 0 
7f1018000000-7f1018021000 rw-p 00000000 00:00 0 
7f1018021000-7f101c000000 ---p 00000000 00:00 0 
7f101c000000-7f101c021000 rw-p 00000000 00:00 0 
7f101c021000-7f1020000000 ---p 00000000 00:00 0 
7f1020000000-7f1020021000 rw-p 00000000 00:00 0 
7f1020021000-7f1024000000 ---p 00000000 00:00 0 
7f1024000000-7f1024021000 rw-p 00000000 00:00 0 
7f1024021000-7f1028000000 ---p 00000000 00:00 0 
7f1028000000-7f1028021000 rw-p 00000000 00:00 0 
7f1028021000-7f102c000000 ---p 00000000 00:00 0 
7f102c000000-7f102c021000 rw-p 00000000 00:00 0 
7f102c021000-7f1030000000 ---p 00000000 00:00 0 
7f1030000000-7f1030035000 rw-p 00000000 00:00 0 
7f1030035000-7f1034000000 ---p 00000000 00:00 0 
7f1034100000-7f1034104000 ---p 00000000 00:00 0 
7f1034104000-7f1034200000 rw-p 00000000 00:00 0 
7f1034300000-7f1034304000 ---p 00000000 00:00 0 
7f1034304000-7f1034400000 rw-p 00000000 00:00 0 
7f1034518000-7f1034519000 ---p 00000000 00:00 0 
7f1034519000-7f103461a000 rw-p 00000000 00:00 0 
7f103461a000-7f103461e000 ---p 00000000 00:00 0 
7f103461e000-7f103471a000 rw-p 00000000 00:00 0 
7f103471a000-7f103471e000 ---p 00000000 00:00 0 
7f103471e000-7f103481a000 rw-p 00000000 00:00 0 
7f103481a000-7f103481e000 ---p 00000000 00:00 0 
7f103481e000-7f103491a000 rw-p 00000000 00:00 0 
7f103491a000-7f103491e000 ---p 00000000 00:00 0 
7f103491e000-7f1034b1a000 rw-p 00000000 00:00 0 
7f1034b1a000-7f1034b1e000 ---p 00000000 00:00 0 
7f1034b1e000-7f1034d1a000 rw-p 00000000 00:00 0 
7f1034d1a000-7f1034d1e000 ---p 00000000 00:00 0 
7f1034d1e000-7f1034e1a000 rw-p 00000000 00:00 0 
7f1034e1a000-7f1034e1e000 ---p 00000000 00:00 0 
7f1034e1e000-7f1034f1a000 rw-p 00000000 00:00 0 
7f1034f1a000-7f1034f1e000 ---p 00000000 00:00 0 
7f1034f1e000-7f103501a000 rw-p 00000000 00:00 0 
7f103501a000-7f1035300000 r--p 00000000 fc:00 28444448                   /usr/lib/locale/locale-archive
7f1035300000-7f1035304000 ---p 00000000 00:00 0 
7f1035304000-7f10357f0000 rw-p 00000000 00:00 0 
7f10357f0000-7f1035af0000 rw-p 00000000 00:00 0 
7f1035af0000-7f1035c00000 rw-p 00000000 00:00 0 
7f1035cdc000-7f1035ce0000 ---p 00000000 00:00 0 
7f1035ce0000-7f1035ddc000 rw-p 00000000 00:00 0 
7f1035ddc000-7f1035ddd000 ---p 00000000 00:00 0 
7f1035ddd000-7f1035ede000 rw-p 00000000 00:00 0 
7f1035ede000-7f1035fac000 r-xp 00000000 08:30 707802132                  /nix/store/gpxl5qgg8kicmcvivwmybwjlpf7wh20l-graalvm17-ce-22.3.0/lib/libjsvml.so
7f1035fac000-7f1035fad000 r--p 000cd000 08:30 707802132                  /nix/store/gpxl5qgg8kicmcvivwmybwjlpf7wh20l-graalvm17-ce-22.3.0/lib/libjsvml.so
7f1035fad000-7f1035fae000 rw-p 000ce000 08:30 707802132                  /nix/store/gpxl5qgg8kicmcvivwmybwjlpf7wh20l-graalvm17-ce-22.3.0/lib/libjsvml.so
7f1035fae000-7f10374b3000 rw-p 00000000 00:00 0 
7f10374b3000-7f1037723000 rwxp 00000000 00:00 0 
7f1037723000-7f1037a42000 ---p 00000000 00:00 0 
7f1037a42000-7f1038952000 rwxp 00000000 00:00 0 
7f1038952000-7f103ef7a000 ---p 00000000 00:00 0 
7f103ef7a000-7f103f1ea000 rwxp 00000000 00:00 0 
7f103f1ea000-7f10464b3000 ---p 00000000 00:00 0 
7f10464b3000-7f1050000000 r--s 00000000 08:30 707804677                  /nix/store/gpxl5qgg8kicmcvivwmybwjlpf7wh20l-graalvm17-ce-22.3.0/lib/modules
7f1050000000-7f1050420000 rw-p 00000000 00:00 0 
7f1050420000-7f1054000000 ---p 00000000 00:00 0 
7f1054027000-7f1054029000 r-xp 00000000 08:30 707802113                  /nix/store/gpxl5qgg8kicmcvivwmybwjlpf7wh20l-graalvm17-ce-22.3.0/lib/libextnet.so
7f1054029000-7f105402a000 r--p 00001000 08:30 707802113                  /nix/store/gpxl5qgg8kicmcvivwmybwjlpf7wh20l-graalvm17-ce-22.3.0/lib/libextnet.so
7f105402a000-7f105402b000 rw-p 00002000 08:30 707802113                  /nix/store/gpxl5qgg8kicmcvivwmybwjlpf7wh20l-graalvm17-ce-22.3.0/lib/libextnet.so
7f105402b000-7f105402c000 rw-p 00004000 08:30 707802113                  /nix/store/gpxl5qgg8kicmcvivwmybwjlpf7wh20l-graalvm17-ce-22.3.0/lib/libextnet.so
7f105402c000-7f1054030000 ---p 00000000 00:00 0 
7f1054030000-7f105404e000 rw-p 00000000 00:00 0 
7f105404e000-7f1054055000 r-xp 00000000 08:30 707804676                  /nix/store/gpxl5qgg8kicmcvivwmybwjlpf7wh20l-graalvm17-ce-22.3.0/lib/libzip.so
7f1054055000-7f1054056000 ---p 00007000 08:30 707804676                  /nix/store/gpxl5qgg8kicmcvivwmybwjlpf7wh20l-graalvm17-ce-22.3.0/lib/libzip.so
7f1054056000-7f1054057000 r--p 00007000 08:30 707804676                  /nix/store/gpxl5qgg8kicmcvivwmybwjlpf7wh20l-graalvm17-ce-22.3.0/lib/libzip.so
7f1054057000-7f1054058000 rw-p 00008000 08:30 707804676                  /nix/store/gpxl5qgg8kicmcvivwmybwjlpf7wh20l-graalvm17-ce-22.3.0/lib/libzip.so
7f1054058000-7f105405a000 rw-p 0000b000 08:30 707804676                  /nix/store/gpxl5qgg8kicmcvivwmybwjlpf7wh20l-graalvm17-ce-22.3.0/lib/libzip.so
7f105405a000-7f105406f000 r-xp 00000000 08:30 707804666                  /nix/store/gpxl5qgg8kicmcvivwmybwjlpf7wh20l-graalvm17-ce-22.3.0/lib/libnet.so
7f105406f000-7f1054070000 ---p 00015000 08:30 707804666                  /nix/store/gpxl5qgg8kicmcvivwmybwjlpf7wh20l-graalvm17-ce-22.3.0/lib/libnet.so
7f1054070000-7f1054071000 r--p 00015000 08:30 707804666                  /nix/store/gpxl5qgg8kicmcvivwmybwjlpf7wh20l-graalvm17-ce-22.3.0/lib/libnet.so
7f1054071000-7f1054072000 rw-p 00016000 08:30 707804666                  /nix/store/gpxl5qgg8kicmcvivwmybwjlpf7wh20l-graalvm17-ce-22.3.0/lib/libnet.so
7f1054072000-7f1054075000 rw-p 0001b000 08:30 707804666                  /nix/store/gpxl5qgg8kicmcvivwmybwjlpf7wh20l-graalvm17-ce-22.3.0/lib/libnet.so
7f1054075000-7f1054088000 r-xp 00000000 08:30 707804667                  /nix/store/gpxl5qgg8kicmcvivwmybwjlpf7wh20l-graalvm17-ce-22.3.0/lib/libnio.so
7f1054088000-7f1054089000 r--p 00012000 08:30 707804667                  /nix/store/gpxl5qgg8kicmcvivwmybwjlpf7wh20l-graalvm17-ce-22.3.0/lib/libnio.so
7f1054089000-7f105408a000 rw-p 00013000 08:30 707804667                  /nix/store/gpxl5qgg8kicmcvivwmybwjlpf7wh20l-graalvm17-ce-22.3.0/lib/libnio.so
7f105408a000-7f105408f000 rw-p 00019000 08:30 707804667                  /nix/store/gpxl5qgg8kicmcvivwmybwjlpf7wh20l-graalvm17-ce-22.3.0/lib/libnio.so
7f105408f000-7f1054765000 rw-p 00000000 00:00 0 
7f1054765000-7f1054766000 ---p 00000000 00:00 0 
7f1054766000-7f10548e2000 rw-p 00000000 00:00 0 
7f10548e2000-7f1054959000 rw-p 00000000 00:00 0 
7f1054959000-7f1054967000 ---p 00000000 00:00 0 
7f1054967000-7f105496d000 rw-p 00000000 00:00 0 
7f105496d000-7f1054a53000 ---p 00000000 00:00 0 
7f1054a53000-7f1054a72000 rw-p 00000000 00:00 0 
7f1054a72000-7f1054b3e000 ---p 00000000 00:00 0 
7f1054b3e000-7f1054b43000 rw-p 00000000 00:00 0 
7f1054b43000-7f1054b4a000 ---p 00000000 00:00 0 
7f1054b4a000-7f1054b6e000 r-xp 00000000 08:30 707802124                  /nix/store/gpxl5qgg8kicmcvivwmybwjlpf7wh20l-graalvm17-ce-22.3.0/lib/libjava.so
7f1054b6e000-7f1054b6f000 ---p 00024000 08:30 707802124                  /nix/store/gpxl5qgg8kicmcvivwmybwjlpf7wh20l-graalvm17-ce-22.3.0/lib/libjava.so
7f1054b6f000-7f1054b70000 r--p 00024000 08:30 707802124                  /nix/store/gpxl5qgg8kicmcvivwmybwjlpf7wh20l-graalvm17-ce-22.3.0/lib/libjava.so
7f1054b70000-7f1054b71000 rw-p 00025000 08:30 707802124                  /nix/store/gpxl5qgg8kicmcvivwmybwjlpf7wh20l-graalvm17-ce-22.3.0/lib/libjava.so
7f1054b71000-7f1054b72000 rw-p 00000000 00:00 0 
7f1054b72000-7f1054b79000 rw-p 0002f000 08:30 707802124                  /nix/store/gpxl5qgg8kicmcvivwmybwjlpf7wh20l-graalvm17-ce-22.3.0/lib/libjava.so
7f1054b79000-7f1054b81000 rw-s 00000000 00:413 397                       /tmp/hsperfdata_runner/65
7f1054b81000-7f1054b82000 ---p 00000000 00:00 0 
7f1054b82000-7f1054b83000 r--p 00000000 00:00 0 
7f1054b83000-7f1054b84000 rwxp 00000000 00:00 0 
7f1054b84000-7f1054b9f000 r-xp 00000000 08:30 707802128                  /nix/store/gpxl5qgg8kicmcvivwmybwjlpf7wh20l-graalvm17-ce-22.3.0/lib/libjimage.so
7f1054b9f000-7f1054ba0000 ---p 0001b000 08:30 707802128                  /nix/store/gpxl5qgg8kicmcvivwmybwjlpf7wh20l-graalvm17-ce-22.3.0/lib/libjimage.so
7f1054ba0000-7f1054ba2000 r--p 0001b000 08:30 707802128                  /nix/store/gpxl5qgg8kicmcvivwmybwjlpf7wh20l-graalvm17-ce-22.3.0/lib/libjimage.so
7f1054ba2000-7f1054ba3000 rw-p 0001d000 08:30 707802128                  /nix/store/gpxl5qgg8kicmcvivwmybwjlpf7wh20l-graalvm17-ce-22.3.0/lib/libjimage.so
7f1054ba3000-7f1054ba4000 rw-p 00024000 08:30 707802128                  /nix/store/gpxl5qgg8kicmcvivwmybwjlpf7wh20l-graalvm17-ce-22.3.0/lib/libjimage.so
7f1054ba4000-7f1054ba8000 ---p 00000000 00:00 0 
7f1054ba8000-7f1054ca4000 rw-p 00000000 00:00 0 
7f1054ca4000-7f1054cb2000 r--p 00000000 08:30 600592023                  /nix/store/4nlgxhb09sdr51nc9hdm8az5b08vzkgx-glibc-2.35-163/lib/libm.so.6
7f1054cb2000-7f1054d25000 r-xp 0000e000 08:30 600592023                  /nix/store/4nlgxhb09sdr51nc9hdm8az5b08vzkgx-glibc-2.35-163/lib/libm.so.6
7f1054d25000-7f1054d82000 r--p 00081000 08:30 600592023                  /nix/store/4nlgxhb09sdr51nc9hdm8az5b08vzkgx-glibc-2.35-163/lib/libm.so.6
7f1054d82000-7f1054d83000 r--p 000dd000 08:30 600592023                  /nix/store/4nlgxhb09sdr51nc9hdm8az5b08vzkgx-glibc-2.35-163/lib/libm.so.6
7f1054d83000-7f1054d84000 rw-p 000de000 08:30 600592023                  /nix/store/4nlgxhb09sdr51nc9hdm8az5b08vzkgx-glibc-2.35-163/lib/libm.so.6
7f1054d84000-7f1054d85000 r--p 00000000 08:30 600592042                  /nix/store/4nlgxhb09sdr51nc9hdm8az5b08vzkgx-glibc-2.35-163/lib/librt.so.1
7f1054d85000-7f1054d86000 r-xp 00001000 08:30 600592042                  /nix/store/4nlgxhb09sdr51nc9hdm8az5b08vzkgx-glibc-2.35-163/lib/librt.so.1
7f1054d86000-7f1054d87000 r--p 00002000 08:30 600592042                  /nix/store/4nlgxhb09sdr51nc9hdm8az5b08vzkgx-glibc-2.35-163/lib/librt.so.1
7f1054d87000-7f1054d88000 r--p 00002000 08:30 600592042                  /nix/store/4nlgxhb09sdr51nc9hdm8az5b08vzkgx-glibc-2.35-163/lib/librt.so.1
7f1054d88000-7f1054d89000 rw-p 00003000 08:30 600592042                  /nix/store/4nlgxhb09sdr51nc9hdm8az5b08vzkgx-glibc-2.35-163/lib/librt.so.1
7f1054d89000-7f1055e9c000 r-xp 00000000 08:30 707972962                  /nix/store/gpxl5qgg8kicmcvivwmybwjlpf7wh20l-graalvm17-ce-22.3.0/lib/server/libjvm.so
7f1055e9c000-7f1055e9d000 ---p 01113000 08:30 707972962                  /nix/store/gpxl5qgg8kicmcvivwmybwjlpf7wh20l-graalvm17-ce-22.3.0/lib/server/libjvm.so
7f1055e9d000-7f1055f52000 r--p 01113000 08:30 707972962                  /nix/store/gpxl5qgg8kicmcvivwmybwjlpf7wh20l-graalvm17-ce-22.3.0/lib/server/libjvm.so
7f1055f52000-7f1055f86000 rw-p 011c8000 08:30 707972962                  /nix/store/gpxl5qgg8kicmcvivwmybwjlpf7wh20l-graalvm17-ce-22.3.0/lib/server/libjvm.so
7f1055f86000-7f1055fe2000 rw-p 00000000 00:00 0 
7f1055fe2000-7f105600a000 r--p 00000000 08:30 600592014                  /nix/store/4nlgxhb09sdr51nc9hdm8az5b08vzkgx-glibc-2.35-163/lib/libc.so.6
7f105600a000-7f1056180000 r-xp 00028000 08:30 600592014                  /nix/store/4nlgxhb09sdr51nc9hdm8az5b08vzkgx-glibc-2.35-163/lib/libc.so.6
7f1056180000-7f10561d8000 r--p 0019e000 08:30 600592014                  /nix/store/4nlgxhb09sdr51nc9hdm8az5b08vzkgx-glibc-2.35-163/lib/libc.so.6
7f10561d8000-7f10561dc000 r--p 001f6000 08:30 600592014                  /nix/store/4nlgxhb09sdr51nc9hdm8az5b08vzkgx-glibc-2.35-163/lib/libc.so.6
7f10561dc000-7f10561de000 rw-p 001fa000 08:30 600592014                  /nix/store/4nlgxhb09sdr51nc9hdm8az5b08vzkgx-glibc-2.35-163/lib/libc.so.6
7f10561de000-7f10561ed000 rw-p 00000000 00:00 0 
7f10561ed000-7f10561ee000 r--p 00000000 08:30 600592019                  /nix/store/4nlgxhb09sdr51nc9hdm8az5b08vzkgx-glibc-2.35-163/lib/libdl.so.2
7f10561ee000-7f10561ef000 r-xp 00001000 08:30 600592019                  /nix/store/4nlgxhb09sdr51nc9hdm8az5b08vzkgx-glibc-2.35-163/lib/libdl.so.2
7f10561ef000-7f10561f0000 r--p 00002000 08:30 600592019                  /nix/store/4nlgxhb09sdr51nc9hdm8az5b08vzkgx-glibc-2.35-163/lib/libdl.so.2
7f10561f0000-7f10561f1000 r--p 00002000 08:30 600592019                  /nix/store/4nlgxhb09sdr51nc9hdm8az5b08vzkgx-glibc-2.35-163/lib/libdl.so.2
7f10561f1000-7f10561f2000 rw-p 00003000 08:30 600592019                  /nix/store/4nlgxhb09sdr51nc9hdm8az5b08vzkgx-glibc-2.35-163/lib/libdl.so.2
7f10561f2000-7f10561f3000 r--p 00000000 08:30 600592038                  /nix/store/4nlgxhb09sdr51nc9hdm8az5b08vzkgx-glibc-2.35-163/lib/libpthread.so.0
7f10561f3000-7f10561f4000 r-xp 00001000 08:30 600592038                  /nix/store/4nlgxhb09sdr51nc9hdm8az5b08vzkgx-glibc-2.35-163/lib/libpthread.so.0
7f10561f4000-7f10561f5000 r--p 00002000 08:30 600592038                  /nix/store/4nlgxhb09sdr51nc9hdm8az5b08vzkgx-glibc-2.35-163/lib/libpthread.so.0
7f10561f5000-7f10561f6000 r--p 00002000 08:30 600592038                  /nix/store/4nlgxhb09sdr51nc9hdm8az5b08vzkgx-glibc-2.35-163/lib/libpthread.so.0
7f10561f6000-7f10561f7000 rw-p 00003000 08:30 600592038                  /nix/store/4nlgxhb09sdr51nc9hdm8az5b08vzkgx-glibc-2.35-163/lib/libpthread.so.0
7f10561f7000-7f1056205000 r-xp 00000000 08:30 707802129                  /nix/store/gpxl5qgg8kicmcvivwmybwjlpf7wh20l-graalvm17-ce-22.3.0/lib/libjli.so
7f1056205000-7f1056206000 ---p 0000e000 08:30 707802129                  /nix/store/gpxl5qgg8kicmcvivwmybwjlpf7wh20l-graalvm17-ce-22.3.0/lib/libjli.so
7f1056206000-7f1056207000 r--p 0000e000 08:30 707802129                  /nix/store/gpxl5qgg8kicmcvivwmybwjlpf7wh20l-graalvm17-ce-22.3.0/lib/libjli.so
7f1056207000-7f1056208000 rw-p 0000f000 08:30 707802129                  /nix/store/gpxl5qgg8kicmcvivwmybwjlpf7wh20l-graalvm17-ce-22.3.0/lib/libjli.so
7f1056208000-7f1056209000 rw-p 00012000 08:30 707802129                  /nix/store/gpxl5qgg8kicmcvivwmybwjlpf7wh20l-graalvm17-ce-22.3.0/lib/libjli.so
7f1056209000-7f105620c000 r--p 00000000 08:30 678822167                  /nix/store/026hln0aq1hyshaxsdvhg0kmcm6yf45r-zlib-1.2.13/lib/libz.so.1.2.13
7f105620c000-7f105621e000 r-xp 00003000 08:30 678822167                  /nix/store/026hln0aq1hyshaxsdvhg0kmcm6yf45r-zlib-1.2.13/lib/libz.so.1.2.13
7f105621e000-7f1056225000 r--p 00015000 08:30 678822167                  /nix/store/026hln0aq1hyshaxsdvhg0kmcm6yf45r-zlib-1.2.13/lib/libz.so.1.2.13
7f1056225000-7f1056226000 r--p 0001b000 08:30 678822167                  /nix/store/026hln0aq1hyshaxsdvhg0kmcm6yf45r-zlib-1.2.13/lib/libz.so.1.2.13
7f1056226000-7f1056227000 rw-p 0001c000 08:30 678822167                  /nix/store/026hln0aq1hyshaxsdvhg0kmcm6yf45r-zlib-1.2.13/lib/libz.so.1.2.13
7f1056227000-7f1056229000 rw-p 00000000 00:00 0 
7f1056229000-7f105622b000 r--p 00000000 08:30 600592008                  /nix/store/4nlgxhb09sdr51nc9hdm8az5b08vzkgx-glibc-2.35-163/lib/ld-linux-x86-64.so.2
7f105622b000-7f1056252000 r-xp 00002000 08:30 600592008                  /nix/store/4nlgxhb09sdr51nc9hdm8az5b08vzkgx-glibc-2.35-163/lib/ld-linux-x86-64.so.2
7f1056252000-7f105625e000 r--p 00029000 08:30 600592008                  /nix/store/4nlgxhb09sdr51nc9hdm8az5b08vzkgx-glibc-2.35-163/lib/ld-linux-x86-64.so.2
7f105625e000-7f1056260000 r--p 00034000 08:30 600592008                  /nix/store/4nlgxhb09sdr51nc9hdm8az5b08vzkgx-glibc-2.35-163/lib/ld-linux-x86-64.so.2
7f1056260000-7f1056262000 rw-p 00036000 08:30 600592008                  /nix/store/4nlgxhb09sdr51nc9hdm8az5b08vzkgx-glibc-2.35-163/lib/ld-linux-x86-64.so.2
7fff54339000-7fff5435e000 rw-p 00000000 00:00 0                          [stack]
7fff543a9000-7fff543ad000 r--p 00000000 00:00 0                          [vvar]
7fff543ad000-7fff543af000 r-xp 00000000 00:00 0                          [vdso]
ffffffffff600000-ffffffffff601000 --xp 00000000 00:00 0                  [vsyscall]


VM Arguments:
jvm_args: -XX:ThreadPriorityPolicy=1 -XX:+UnlockExperimentalVMOptions -XX:+EnableJVMCIProduct -XX:JVMCIThreadsPerNativeLibraryRuntime=1 -XX:-UnlockExperimentalVMOptions -Declipse.application=org.eclipse.jdt.ls.core.id1 -Dosgi.bundles.defaultStartLevel=4 -Declipse.product=org.eclipse.jdt.ls.core.product -Dlog.level=ALL -Xverify:none -XX:+UseParallelGC -XX:GCTimeRatio=4 -XX:AdaptiveSizePolicyWeight=90 -Dsun.zip.disableMemoryMapping=true -Xmx512m -Xms100m 
java_command: /nix/store/q9712qvwdh22a4krw4jz2sjrz07mvjbl-jdt-language-server-1.9.0/share/java/plugins/org.eclipse.equinox.launcher_1.6.400.v20210924-0641.jar --add-modules=ALL-SYSTEM --add-opens java.base/java.util=ALL-UNNAMED --add-opens java.base/java.lang=ALL-UNNAMED -configuration /home/runner/test-Java/.cache/jdt-language-server/config -data /home/runner/.cache/jdt-language-server/data/home/runner/test-Java
java_class_path (initial): /nix/store/q9712qvwdh22a4krw4jz2sjrz07mvjbl-jdt-language-server-1.9.0/share/java/plugins/org.eclipse.equinox.launcher_1.6.400.v20210924-0641.jar
Launcher Type: SUN_STANDARD

[Global flags]
    uintx AdaptiveSizePolicyWeight                 = 90                                        {product} {command line}
     intx CICompilerCount                          = 2                                         {product} {ergonomic}
     bool EnableJVMCIProduct                       = true                                {JVMCI product} {jimage}
    uintx GCTimeRatio                              = 4                                         {product} {command line}
   size_t InitialHeapSize                          = 104857600                                 {product} {command line}
     uint JVMCIThreadsPerNativeLibraryRuntime      = 1                                   {JVMCI product} {jimage}
   size_t MaxHeapSize                              = 536870912                                 {product} {command line}
   size_t MaxNewSize                               = 178782208                                 {product} {ergonomic}
   size_t MinHeapDeltaBytes                        = 524288                                    {product} {ergonomic}
   size_t MinHeapSize                              = 104857600                                 {product} {command line}
   size_t NewSize                                  = 34603008                                  {product} {ergonomic}
    uintx NonNMethodCodeHeapSize                   = 5826188                                {pd product} {ergonomic}
    uintx NonProfiledCodeHeapSize                  = 122916026                              {pd product} {ergonomic}
   size_t OldSize                                  = 70254592                                  {product} {ergonomic}
    uintx ProfiledCodeHeapSize                     = 122916026                              {pd product} {ergonomic}
    uintx ReservedCodeCacheSize                    = 251658240                              {pd product} {ergonomic}
     bool SegmentedCodeCache                       = true                                      {product} {ergonomic}
   size_t SoftMaxHeapSize                          = 536870912                              {manageable} {ergonomic}
     intx ThreadPriorityPolicy                     = 1                                         {product} {jimage}
     bool UseCompressedClassPointers               = true                           {product lp64_product} {ergonomic}
     bool UseCompressedOops                        = true                           {product lp64_product} {ergonomic}
     bool UseParallelGC                            = true                                      {product} {command line}

Logging:
Log output configuration:
 #0: stdout all=warning uptime,level,tags
 #1: stderr all=off uptime,level,tags

Environment Variables:
JAVA_HOME=/nix/store/gpxl5qgg8kicmcvivwmybwjlpf7wh20l-graalvm17-ce-22.3.0
PATH=/nix/store/1d6ian3r8kdzspw8hacjhl3xkp40g1lj-binutils-wrapper-2.39/bin:/nix/store/dq0xwmsk1g0i2ayg6pb7y87na2knzylh-gcc-wrapper-11.3.0/bin:/nix/store/bap4d0lpcrhpwmpb8ayjcgkmvfj62lnq-bash-interactive-5.1-p16/bin:/nix/store/pr5n59mb4jzmfx6kanwxly0l07p861fg-patchelf-0.15.0/bin:/nix/store/1gf2flfqnpqbr1b4p4qz2f72y42bs56r-gcc-11.3.0/bin:/nix/store/57xv61c5zi8pphjbcwxxjlgc34p61ic9-glibc-2.35-163-bin/bin:/nix/store/a7gvj343m05j2s32xcnwr35v31ynlypr-coreutils-9.1/bin:/nix/store/039g378vc3pc3dvi9dzdlrd0i4q93qwf-binutils-2.39/bin:/nix/store/gpxl5qgg8kicmcvivwmybwjlpf7wh20l-graalvm17-ce-22.3.0/bin:/nix/store/6z9ag3ihc8mq2hzsw48lhbznvzny65nz-apache-maven-3.8.6/bin:/nix/store/q9712qvwdh22a4krw4jz2sjrz07mvjbl-jdt-language-server-1.9.0/bin:/nix/store/9zdrgm97n766nc0kj11x4xvvp00qlfk9-java-debug/bin:/nix/store/mydc6f4k2z73xlcz7ilif3v2lcaiqvza-findutils-4.9.0/bin:/nix/store/j9p3g8472iijd50vhdprx0nmk2fqn5gv-diffutils-3.8/bin:/nix/store/89zs7rms6x00xfq4dq6m7mjnhkr8a6r4-gnused-4.8/bin:/nix/store/86bp03jkmsl6f92w0yzg4s59g5mhxwmy-gnugrep-3.7/bin:/nix/store/hwcdqw4jrjnd37wxqgsd47hd0j8bnj09-gawk-5.1.1/bin:/nix/store/cfbhw8r8ags41vwqaz47r583d0p4h4a1-gnutar-1.34/bin:/nix/store/p3m1ndl1lapwrlh698bnb5lvvxh67378-gzip-1.12/bin:/nix/store/a8mhcagrsly7c7mpjrpsnaahk4aax056-bzip2-1.0.8-bin/bin:/nix/store/mblgz65m3zv9x548a3d5m96fj2pbwr09-gnumake-4.3/bin:/nix/store/dsd5gz46hdbdk2rfdimqddhq6m8m8fqs-bash-5.1-p16/bin:/nix/store/v7ljksji50mg3w61dykaa3n3y79n6nil-patch-2.7.6/bin:/nix/store/zlcnmqq14jz5x9439jf937mvayyl63da-xz-5.2.7-bin/bin:/nix/store/y6aj732zm9m87c82fpvf103a1xb22blp-file-5.43/bin:/home/runner/test-Java/.pythonlibs/bin:/nix/store/xcl1y399dd29nl24mnkqn3ddcaxbnamj-python3-wrapper/bin:/nix/store/irgngmz8vcj9vw17dfgb57qs2mv0n7xv-pip-wrapper/bin:/nix/store/l0awxriyxy2z585w8lgmwdkh17dcqhbj-poetry-wrapper/bin:/nix/store/yq0vlv3d2f5si3ibawpq5ay2pc6knixp-nix-2.18.0pre20230808_c0e6466/bin:/nix/store/i4kzir3m7mrisxmf5xvlnkw01x4qaqr4-prybar-elisp-0.0.0-e0d9a52/bin:/nix/store/lwwivxf6h7x3cvxp9zv8sj0mv7dak9
LD_LIBRARY_PATH=/nix/store/a4pff549sk2idnkpzk5nsfps3mdkdnvm-cups-2.4.2-lib/lib:/nix/store/72mqxxhh3cy5yifh92wh2yb8cl2hikyy-cairo-1.16.0/lib:/nix/store/2k366jrbsra97gjfxwvrhvixjfxdach5-glib-2.74.1/lib:/nix/store/2j2znigd8ak37rlwh9khz0ry3clqlw1l-gtk+3-3.24.34/lib
DISPLAY=:0
LANG=en_US.UTF-8

Signal Handlers:
   SIGSEGV: crash_handler in libjvm.so, mask=11100100010111111101111111111110, flags=SA_RESTART|SA_SIGINFO
    SIGBUS: crash_handler in libjvm.so, mask=11100100010111111101111111111110, flags=SA_RESTART|SA_SIGINFO
    SIGFPE: crash_handler in libjvm.so, mask=11100100010111111101111111111110, flags=SA_RESTART|SA_SIGINFO
   SIGPIPE: IsolateEnterStub_IgnoreSIGPIPEStartupHook_noopSignalHandler_8f19bff2f35b5f630d83b364d6b2339320d4ec70_216e8361c6bc87a8f89f58cc10d3b2fd4415bf87 in libjvmcicompiler.so, mask=00000000000000000000000000000000, flags=SA_RESTART
  *** Handler was modified!
  *** Expected: javaSignalHandler in libjvm.so, mask=11100100110111111111111111111110, flags=SA_RESTART|SA_SIGINFO
   SIGXFSZ: javaSignalHandler in libjvm.so, mask=11100100010111111101111111111110, flags=SA_RESTART|SA_SIGINFO
    SIGILL: crash_handler in libjvm.so, mask=11100100010111111101111111111110, flags=SA_RESTART|SA_SIGINFO
   SIGUSR2: SR_handler in libjvm.so, mask=00000000000000000000000000000000, flags=SA_RESTART|SA_SIGINFO
    SIGHUP: UserHandler in libjvm.so, mask=11100100010111111101111111111110, flags=SA_RESTART|SA_SIGINFO
    SIGINT: UserHandler in libjvm.so, mask=11100100010111111101111111111110, flags=SA_RESTART|SA_SIGINFO
   SIGTERM: UserHandler in libjvm.so, mask=11100100010111111101111111111110, flags=SA_RESTART|SA_SIGINFO
   SIGQUIT: UserHandler in libjvm.so, mask=11100100010111111101111111111110, flags=SA_RESTART|SA_SIGINFO
  *** Handler was modified!
  *** Expected: javaSignalHandler in libjvm.so, mask=11100100110111111111111111111110, flags=SA_RESTART|SA_SIGINFO
   SIGTRAP: crash_handler in libjvm.so, mask=11100100010111111101111111111110, flags=SA_RESTART|SA_SIGINFO


---------------  S Y S T E M  ---------------

OS:
DISTRIB_ID=Ubuntu
DISTRIB_RELEASE=20.04
DISTRIB_CODENAME=focal
DISTRIB_DESCRIPTION="Ubuntu 20.04.2 LTS"
uname: Linux 6.5.0-1013-gcp #13~22.04.1-Ubuntu SMP Wed Jan 24 23:39:40 UTC 2024 x86_64
OS uptime: 0 days 6:42 hours
libc: glibc 2.35 NPTL 2.35 
rlimit (soft/hard): STACK 8192k/infinity , CORE infinity/infinity , NPROC infinity/infinity , NOFILE 20971/20971 , AS infinity/infinity , CPU infinity/infinity , DATA infinity/infinity , FSIZE infinity/infinity , MEMLOCK 8192k/8192k
load average: 9.42 12.52 13.68

/proc/meminfo:
MemTotal:       65835404 kB
MemFree:        43152096 kB
MemAvailable:   52667784 kB
Buffers:          562052 kB
Cached:          8700228 kB
SwapCached:            0 kB
Active:         13934316 kB
Inactive:        6742164 kB
Active(anon):   10202592 kB
Inactive(anon):  1137332 kB
Active(file):    3731724 kB
Inactive(file):  5604832 kB
Unevictable:       27968 kB
Mlocked:           27968 kB
SwapTotal:             0 kB
SwapFree:              0 kB
Zswap:                 0 kB
Zswapped:              0 kB
Dirty:              2124 kB
Writeback:             0 kB
AnonPages:      11227960 kB
Mapped:          1411532 kB
Shmem:             17912 kB
KReclaimable:     905584 kB
Slab:            1375772 kB
SReclaimable:     905584 kB
SUnreclaim:       470188 kB
KernelStack:       96592 kB
PageTables:       196340 kB
SecPageTables:         0 kB
NFS_Unstable:          0 kB
Bounce:                0 kB
WritebackTmp:          0 kB
CommitLimit:    32917700 kB
Committed_AS:   36652200 kB
VmallocTotal:   34359738367 kB
VmallocUsed:      119516 kB
VmallocChunk:          0 kB
Percpu:            34048 kB
HardwareCorrupted:     0 kB
AnonHugePages:    757760 kB
ShmemHugePages:        0 kB
ShmemPmdMapped:        0 kB
FileHugePages:         0 kB
FilePmdMapped:         0 kB
Unaccepted:            0 kB
HugePages_Total:       0
HugePages_Free:        0
HugePages_Rsvd:        0
HugePages_Surp:        0
Hugepagesize:       2048 kB
Hugetlb:               0 kB
DirectMap4k:      215864 kB
DirectMap2M:    11315200 kB
DirectMap1G:    57671680 kB

/sys/kernel/mm/transparent_hugepage/enabled: always [madvise] never
/sys/kernel/mm/transparent_hugepage/defrag (defrag/compaction efforts parameter): always defer defer+madvise [madvise] never

Process Memory:
Virtual Size: 4925076K (peak: 4990804K)
Resident Set Size: 816216K (peak: 861980K) (anon: 618352K, file: 197864K, shmem: 0K)
Swapped out: 0K
C-Heap outstanding allocations: 43913K, retained: 12294K
glibc malloc tunables: (default)

/proc/sys/kernel/threads-max (system-wide limit on the number of threads): 514277
/proc/sys/vm/max_map_count (maximum number of memory map areas a process may have): 65530
/proc/sys/kernel/pid_max (system-wide limit on number of process identifiers): 4194304

container (cgroup) information:
container_type: cgroupv2
cpu_cpuset_cpus: not supported
cpu_memory_nodes: not supported
active_processor_count: 2
cpu_quota: 200000
cpu_period: 100000
cpu_shares: no shares
memory_limit_in_bytes: 3292528 k
memory_and_swap_limit_in_bytes: unlimited
memory_soft_limit_in_bytes: 2097152 k
memory_usage_in_bytes: 797340 k
memory_max_usage_in_bytes: not supported
maximum number of tasks: not supported
current number of tasks: not supported

KVM virtualization detected
Steal ticks since vm start: 2516
Steal ticks percentage since vm start:  0.003

CPU: total 8 (initial active 2) (4 cores per cpu, 2 threads per core) family 6 model 79 stepping 0 microcode 0xffffffff, cx8, cmov, fxsr, ht, mmx, 3dnowpref, sse, sse2, sse3, ssse3, sse4.1, sse4.2, popcnt, lzcnt, tsc, tscinvbit, avx, avx2, aes, erms, clmul, bmi1, bmi2, rtm, adx, fma, vzeroupper, clflush, hv
CPU Model and flags from /proc/cpuinfo:
model name	: Intel(R) Xeon(R) CPU @ 2.20GHz
flags		: fpu vme de pse tsc msr pae mce cx8 apic sep mtrr pge mca cmov pat pse36 clflush mmx fxsr sse sse2 ss ht syscall nx pdpe1gb rdtscp lm constant_tsc rep_good nopl xtopology nonstop_tsc cpuid tsc_known_freq pni pclmulqdq ssse3 fma cx16 pcid sse4_1 sse4_2 x2apic movbe popcnt aes xsave avx f16c rdrand hypervisor lahf_lm abm 3dnowprefetch invpcid_single pti ssbd ibrs ibpb stibp fsgsbase tsc_adjust bmi1 hle avx2 smep bmi2 erms invpcid rtm rdseed adx smap xsaveopt arat md_clear arch_capabilities

Online cpus: 0-7
Offline cpus: 
BIOS frequency limitation: <Not Available>
Frequency switch latency (ns): <Not Available>
Available cpu frequencies: <Not Available>
Current governor: <Not Available>
Core performance/turbo boost: <Not Available>

Memory: 4k page, physical 3292528k(2495176k free), swap 0k(0k free)
Page Sizes: 4k

vm_info: OpenJDK 64-Bit Server VM (17.0.5+8-jvmci-22.3-b08) for linux-amd64 JRE (17.0.5+8-jvmci-22.3-b08), built on Oct 19 2022 09:01:27 by "buildslave" with gcc 10.3.0

END.
